<html>
<head>
<title>TestNG:  Default test</title>
<link href="../testng.css" rel="stylesheet" type="text/css" />
<link href="../my-testng.css" rel="stylesheet" type="text/css" />

<style type="text/css">
.log { display: none;} 
.stack-trace { display: none;} 
</style>
<script type="text/javascript">
<!--
function flip(e) {
  current = e.style.display;
  if (current == 'block') {
    e.style.display = 'none';
    return 0;
  }
  else {
    e.style.display = 'block';
    return 1;
  }
}

function toggleBox(szDivId, elem, msg1, msg2)
{
  var res = -1;  if (document.getElementById) {
    res = flip(document.getElementById(szDivId));
  }
  else if (document.all) {
    // this is the way old msie versions work
    res = flip(document.all[szDivId]);
  }
  if(elem) {
    if(res == 0) elem.innerHTML = msg1; else elem.innerHTML = msg2;
  }

}

function toggleAllBoxes() {
  if (document.getElementsByTagName) {
    d = document.getElementsByTagName('div');
    for (i = 0; i < d.length; i++) {
      if (d[i].className == 'log') {
        flip(d[i]);
      }
    }
  }
}

// -->
</script>

</head>
<body>
<h2 align='center'>Default test</h2><table border='1' align="center">
<tr>
<td>Tests passed/Failed/Skipped:</td><td>206/10/1</td>
</tr><tr>
<td>Started on:</td><td>Sat Mar 09 19:29:19 IST 2019</td>
</tr>
<tr><td>Total time:</td><td>1 seconds (1015 ms)</td>
</tr><tr>
<td>Included groups:</td><td></td>
</tr><tr>
<td>Excluded groups:</td><td></td>
</tr>
</table><p/>
<small><i>(Hover the method name to see the test class name)</i></small><p/>
<table width='100%' border='1' class='invocation-failed'>
<tr><td colspan='4' align='center'><b>FAILED TESTS</b></td></tr>
<tr><td><b>Test method</b></td>
<td width="30%"><b>Exception</b></td>
<td width="10%"><b>Time (seconds)</b></td>
<td><b>Instance</b></td>
</tr>
<tr>
<td title='com.scp.app.login.tests.Atest.m7()'><b>m7</b><br>Test class: com.scp.app.login.tests.Atest</td>
<td><div><pre>java.lang.ArithmeticException: / by zero
	at com.scp.app.login.tests.Atest.m7(Atest.java:42)
	at sun.reflect.NativeMethodAccessorImpl.invoke0(Native Method)
	at sun.reflect.NativeMethodAccessorImpl.invoke(NativeMethodAccessorImpl.java:62)
	at sun.reflect.DelegatingMethodAccessorImpl.invoke(DelegatingMethodAccessorImpl.java:43)
	at java.lang.reflect.Method.invoke(Method.java:498)
	at org.testng.internal.MethodInvocationHelper.invokeMethod(MethodInvocationHelper.java:86)
	at org.testng.internal.Invoker.invokeMethod(Invoker.java:643)
	at org.testng.internal.Invoker.invokeTestMethod(Invoker.java:820)
	at org.testng.internal.Invoker.invokeTestMethods(Invoker.java:1128)
	at org.testng.internal.TestMethodWorker.invokeTestMethods(TestMethodWorker.java:129)
	at org.testng.internal.TestMethodWorker.run(TestMethodWorker.java:112)
	at org.testng.TestRunner.privateRun(TestRunner.java:782)
	at org.testng.TestRunner.run(TestRunner.java:632)
	at org.testng.SuiteRunner.runTest(SuiteRunner.java:366)
	at org.testng.SuiteRunner.runSequentially(SuiteRunner.java:361)
	at org.testng.SuiteRunner.privateRun(SuiteRunner.java:319)
	at org.testng.SuiteRunner.run(SuiteRunner.java:268)
	at org.testng.SuiteRunnerWorker.runSuite(SuiteRunnerWorker.java:52)
	at org.testng.SuiteRunnerWorker.run(SuiteRunnerWorker.java:86)
	at org.testng.TestNG.runSuitesSequentially(TestNG.java:1244)
	at org.testng.TestNG.runSuitesLocally(TestNG.java:1169)
	at org.testng.TestNG.run(TestNG.java:1064)
	at org.testng.remote.AbstractRemoteTestNG.run(AbstractRemoteTestNG.java:114)
	at org.testng.remote.RemoteTestNG.initAndRun(RemoteTestNG.java:251)
	at org.testng.remote.RemoteTestNG.main(RemoteTestNG.java:77)
</pre></div><a href='#' onClick='toggleBox("stack-trace36202360", this, "Click to show all stack frames", "Click to hide stack frames")'>Click to show all stack frames</a>
<div class='stack-trace' id='stack-trace36202360'><pre>java.lang.ArithmeticException: / by zero
	at com.scp.app.login.tests.Atest.m7(Atest.java:42)
	at sun.reflect.NativeMethodAccessorImpl.invoke0(Native Method)
	at sun.reflect.NativeMethodAccessorImpl.invoke(NativeMethodAccessorImpl.java:62)
	at sun.reflect.DelegatingMethodAccessorImpl.invoke(DelegatingMethodAccessorImpl.java:43)
	at java.lang.reflect.Method.invoke(Method.java:498)
	at org.testng.internal.MethodInvocationHelper.invokeMethod(MethodInvocationHelper.java:86)
	at org.testng.internal.Invoker.invokeMethod(Invoker.java:643)
	at org.testng.internal.Invoker.invokeTestMethod(Invoker.java:820)
	at org.testng.internal.Invoker.invokeTestMethods(Invoker.java:1128)
	at org.testng.internal.TestMethodWorker.invokeTestMethods(TestMethodWorker.java:129)
	at org.testng.internal.TestMethodWorker.run(TestMethodWorker.java:112)
	at org.testng.TestRunner.privateRun(TestRunner.java:782)
	at org.testng.TestRunner.run(TestRunner.java:632)
	at org.testng.SuiteRunner.runTest(SuiteRunner.java:366)
	at org.testng.SuiteRunner.runSequentially(SuiteRunner.java:361)
	at org.testng.SuiteRunner.privateRun(SuiteRunner.java:319)
	at org.testng.SuiteRunner.run(SuiteRunner.java:268)
	at org.testng.SuiteRunnerWorker.runSuite(SuiteRunnerWorker.java:52)
	at org.testng.SuiteRunnerWorker.run(SuiteRunnerWorker.java:86)
	at org.testng.TestNG.runSuitesSequentially(TestNG.java:1244)
	at org.testng.TestNG.runSuitesLocally(TestNG.java:1169)
	at org.testng.TestNG.run(TestNG.java:1064)
	at org.testng.remote.AbstractRemoteTestNG.run(AbstractRemoteTestNG.java:114)
	at org.testng.remote.RemoteTestNG.initAndRun(RemoteTestNG.java:251)
	at org.testng.remote.RemoteTestNG.main(RemoteTestNG.java:77)
</pre></div></td>
<td>0</td>
<td>com.scp.app.login.tests.Atest@6767c1fc</td></tr>
<tr>
<td title='com.scp.app.login.tests.Atest.m7()'><b>m7</b><br>Test class: com.scp.app.login.tests.Atest</td>
<td><div><pre>java.lang.ArithmeticException: / by zero
	at com.scp.app.login.tests.Atest.m7(Atest.java:42)
	at sun.reflect.NativeMethodAccessorImpl.invoke0(Native Method)
	at sun.reflect.NativeMethodAccessorImpl.invoke(NativeMethodAccessorImpl.java:62)
	at sun.reflect.DelegatingMethodAccessorImpl.invoke(DelegatingMethodAccessorImpl.java:43)
	at java.lang.reflect.Method.invoke(Method.java:498)
	at org.testng.internal.MethodInvocationHelper.invokeMethod(MethodInvocationHelper.java:86)
	at org.testng.internal.Invoker.invokeMethod(Invoker.java:643)
	at org.testng.internal.Invoker.invokeTestMethod(Invoker.java:820)
	at org.testng.internal.Invoker.invokeTestMethods(Invoker.java:1128)
	at org.testng.internal.TestMethodWorker.invokeTestMethods(TestMethodWorker.java:129)
	at org.testng.internal.TestMethodWorker.run(TestMethodWorker.java:112)
	at org.testng.TestRunner.privateRun(TestRunner.java:782)
	at org.testng.TestRunner.run(TestRunner.java:632)
	at org.testng.SuiteRunner.runTest(SuiteRunner.java:366)
	at org.testng.SuiteRunner.runSequentially(SuiteRunner.java:361)
	at org.testng.SuiteRunner.privateRun(SuiteRunner.java:319)
	at org.testng.SuiteRunner.run(SuiteRunner.java:268)
	at org.testng.SuiteRunnerWorker.runSuite(SuiteRunnerWorker.java:52)
	at org.testng.SuiteRunnerWorker.run(SuiteRunnerWorker.java:86)
	at org.testng.TestNG.runSuitesSequentially(TestNG.java:1244)
	at org.testng.TestNG.runSuitesLocally(TestNG.java:1169)
	at org.testng.TestNG.run(TestNG.java:1064)
	at org.testng.remote.AbstractRemoteTestNG.run(AbstractRemoteTestNG.java:114)
	at org.testng.remote.RemoteTestNG.initAndRun(RemoteTestNG.java:251)
	at org.testng.remote.RemoteTestNG.main(RemoteTestNG.java:77)
</pre></div><a href='#' onClick='toggleBox("stack-trace1836797772", this, "Click to show all stack frames", "Click to hide stack frames")'>Click to show all stack frames</a>
<div class='stack-trace' id='stack-trace1836797772'><pre>java.lang.ArithmeticException: / by zero
	at com.scp.app.login.tests.Atest.m7(Atest.java:42)
	at sun.reflect.NativeMethodAccessorImpl.invoke0(Native Method)
	at sun.reflect.NativeMethodAccessorImpl.invoke(NativeMethodAccessorImpl.java:62)
	at sun.reflect.DelegatingMethodAccessorImpl.invoke(DelegatingMethodAccessorImpl.java:43)
	at java.lang.reflect.Method.invoke(Method.java:498)
	at org.testng.internal.MethodInvocationHelper.invokeMethod(MethodInvocationHelper.java:86)
	at org.testng.internal.Invoker.invokeMethod(Invoker.java:643)
	at org.testng.internal.Invoker.invokeTestMethod(Invoker.java:820)
	at org.testng.internal.Invoker.invokeTestMethods(Invoker.java:1128)
	at org.testng.internal.TestMethodWorker.invokeTestMethods(TestMethodWorker.java:129)
	at org.testng.internal.TestMethodWorker.run(TestMethodWorker.java:112)
	at org.testng.TestRunner.privateRun(TestRunner.java:782)
	at org.testng.TestRunner.run(TestRunner.java:632)
	at org.testng.SuiteRunner.runTest(SuiteRunner.java:366)
	at org.testng.SuiteRunner.runSequentially(SuiteRunner.java:361)
	at org.testng.SuiteRunner.privateRun(SuiteRunner.java:319)
	at org.testng.SuiteRunner.run(SuiteRunner.java:268)
	at org.testng.SuiteRunnerWorker.runSuite(SuiteRunnerWorker.java:52)
	at org.testng.SuiteRunnerWorker.run(SuiteRunnerWorker.java:86)
	at org.testng.TestNG.runSuitesSequentially(TestNG.java:1244)
	at org.testng.TestNG.runSuitesLocally(TestNG.java:1169)
	at org.testng.TestNG.run(TestNG.java:1064)
	at org.testng.remote.AbstractRemoteTestNG.run(AbstractRemoteTestNG.java:114)
	at org.testng.remote.RemoteTestNG.initAndRun(RemoteTestNG.java:251)
	at org.testng.remote.RemoteTestNG.main(RemoteTestNG.java:77)
</pre></div></td>
<td>0</td>
<td>com.scp.app.login.tests.Atest@6767c1fc</td></tr>
<tr>
<td title='com.scp.app.login.tests.Atest.m7()'><b>m7</b><br>Test class: com.scp.app.login.tests.Atest</td>
<td><div><pre>java.lang.ArithmeticException: / by zero
	at com.scp.app.login.tests.Atest.m7(Atest.java:42)
	at sun.reflect.NativeMethodAccessorImpl.invoke0(Native Method)
	at sun.reflect.NativeMethodAccessorImpl.invoke(NativeMethodAccessorImpl.java:62)
	at sun.reflect.DelegatingMethodAccessorImpl.invoke(DelegatingMethodAccessorImpl.java:43)
	at java.lang.reflect.Method.invoke(Method.java:498)
	at org.testng.internal.MethodInvocationHelper.invokeMethod(MethodInvocationHelper.java:86)
	at org.testng.internal.Invoker.invokeMethod(Invoker.java:643)
	at org.testng.internal.Invoker.invokeTestMethod(Invoker.java:820)
	at org.testng.internal.Invoker.invokeTestMethods(Invoker.java:1128)
	at org.testng.internal.TestMethodWorker.invokeTestMethods(TestMethodWorker.java:129)
	at org.testng.internal.TestMethodWorker.run(TestMethodWorker.java:112)
	at org.testng.TestRunner.privateRun(TestRunner.java:782)
	at org.testng.TestRunner.run(TestRunner.java:632)
	at org.testng.SuiteRunner.runTest(SuiteRunner.java:366)
	at org.testng.SuiteRunner.runSequentially(SuiteRunner.java:361)
	at org.testng.SuiteRunner.privateRun(SuiteRunner.java:319)
	at org.testng.SuiteRunner.run(SuiteRunner.java:268)
	at org.testng.SuiteRunnerWorker.runSuite(SuiteRunnerWorker.java:52)
	at org.testng.SuiteRunnerWorker.run(SuiteRunnerWorker.java:86)
	at org.testng.TestNG.runSuitesSequentially(TestNG.java:1244)
	at org.testng.TestNG.runSuitesLocally(TestNG.java:1169)
	at org.testng.TestNG.run(TestNG.java:1064)
	at org.testng.remote.AbstractRemoteTestNG.run(AbstractRemoteTestNG.java:114)
	at org.testng.remote.RemoteTestNG.initAndRun(RemoteTestNG.java:251)
	at org.testng.remote.RemoteTestNG.main(RemoteTestNG.java:77)
</pre></div><a href='#' onClick='toggleBox("stack-trace329645619", this, "Click to show all stack frames", "Click to hide stack frames")'>Click to show all stack frames</a>
<div class='stack-trace' id='stack-trace329645619'><pre>java.lang.ArithmeticException: / by zero
	at com.scp.app.login.tests.Atest.m7(Atest.java:42)
	at sun.reflect.NativeMethodAccessorImpl.invoke0(Native Method)
	at sun.reflect.NativeMethodAccessorImpl.invoke(NativeMethodAccessorImpl.java:62)
	at sun.reflect.DelegatingMethodAccessorImpl.invoke(DelegatingMethodAccessorImpl.java:43)
	at java.lang.reflect.Method.invoke(Method.java:498)
	at org.testng.internal.MethodInvocationHelper.invokeMethod(MethodInvocationHelper.java:86)
	at org.testng.internal.Invoker.invokeMethod(Invoker.java:643)
	at org.testng.internal.Invoker.invokeTestMethod(Invoker.java:820)
	at org.testng.internal.Invoker.invokeTestMethods(Invoker.java:1128)
	at org.testng.internal.TestMethodWorker.invokeTestMethods(TestMethodWorker.java:129)
	at org.testng.internal.TestMethodWorker.run(TestMethodWorker.java:112)
	at org.testng.TestRunner.privateRun(TestRunner.java:782)
	at org.testng.TestRunner.run(TestRunner.java:632)
	at org.testng.SuiteRunner.runTest(SuiteRunner.java:366)
	at org.testng.SuiteRunner.runSequentially(SuiteRunner.java:361)
	at org.testng.SuiteRunner.privateRun(SuiteRunner.java:319)
	at org.testng.SuiteRunner.run(SuiteRunner.java:268)
	at org.testng.SuiteRunnerWorker.runSuite(SuiteRunnerWorker.java:52)
	at org.testng.SuiteRunnerWorker.run(SuiteRunnerWorker.java:86)
	at org.testng.TestNG.runSuitesSequentially(TestNG.java:1244)
	at org.testng.TestNG.runSuitesLocally(TestNG.java:1169)
	at org.testng.TestNG.run(TestNG.java:1064)
	at org.testng.remote.AbstractRemoteTestNG.run(AbstractRemoteTestNG.java:114)
	at org.testng.remote.RemoteTestNG.initAndRun(RemoteTestNG.java:251)
	at org.testng.remote.RemoteTestNG.main(RemoteTestNG.java:77)
</pre></div></td>
<td>0</td>
<td>com.scp.app.login.tests.Atest@6767c1fc</td></tr>
<tr>
<td title='com.scp.app.login.tests.Atest.m7()'><b>m7</b><br>Test class: com.scp.app.login.tests.Atest</td>
<td><div><pre>java.lang.ArithmeticException: / by zero
	at com.scp.app.login.tests.Atest.m7(Atest.java:42)
	at sun.reflect.NativeMethodAccessorImpl.invoke0(Native Method)
	at sun.reflect.NativeMethodAccessorImpl.invoke(NativeMethodAccessorImpl.java:62)
	at sun.reflect.DelegatingMethodAccessorImpl.invoke(DelegatingMethodAccessorImpl.java:43)
	at java.lang.reflect.Method.invoke(Method.java:498)
	at org.testng.internal.MethodInvocationHelper.invokeMethod(MethodInvocationHelper.java:86)
	at org.testng.internal.Invoker.invokeMethod(Invoker.java:643)
	at org.testng.internal.Invoker.invokeTestMethod(Invoker.java:820)
	at org.testng.internal.Invoker.invokeTestMethods(Invoker.java:1128)
	at org.testng.internal.TestMethodWorker.invokeTestMethods(TestMethodWorker.java:129)
	at org.testng.internal.TestMethodWorker.run(TestMethodWorker.java:112)
	at org.testng.TestRunner.privateRun(TestRunner.java:782)
	at org.testng.TestRunner.run(TestRunner.java:632)
	at org.testng.SuiteRunner.runTest(SuiteRunner.java:366)
	at org.testng.SuiteRunner.runSequentially(SuiteRunner.java:361)
	at org.testng.SuiteRunner.privateRun(SuiteRunner.java:319)
	at org.testng.SuiteRunner.run(SuiteRunner.java:268)
	at org.testng.SuiteRunnerWorker.runSuite(SuiteRunnerWorker.java:52)
	at org.testng.SuiteRunnerWorker.run(SuiteRunnerWorker.java:86)
	at org.testng.TestNG.runSuitesSequentially(TestNG.java:1244)
	at org.testng.TestNG.runSuitesLocally(TestNG.java:1169)
	at org.testng.TestNG.run(TestNG.java:1064)
	at org.testng.remote.AbstractRemoteTestNG.run(AbstractRemoteTestNG.java:114)
	at org.testng.remote.RemoteTestNG.initAndRun(RemoteTestNG.java:251)
	at org.testng.remote.RemoteTestNG.main(RemoteTestNG.java:77)
</pre></div><a href='#' onClick='toggleBox("stack-trace923219673", this, "Click to show all stack frames", "Click to hide stack frames")'>Click to show all stack frames</a>
<div class='stack-trace' id='stack-trace923219673'><pre>java.lang.ArithmeticException: / by zero
	at com.scp.app.login.tests.Atest.m7(Atest.java:42)
	at sun.reflect.NativeMethodAccessorImpl.invoke0(Native Method)
	at sun.reflect.NativeMethodAccessorImpl.invoke(NativeMethodAccessorImpl.java:62)
	at sun.reflect.DelegatingMethodAccessorImpl.invoke(DelegatingMethodAccessorImpl.java:43)
	at java.lang.reflect.Method.invoke(Method.java:498)
	at org.testng.internal.MethodInvocationHelper.invokeMethod(MethodInvocationHelper.java:86)
	at org.testng.internal.Invoker.invokeMethod(Invoker.java:643)
	at org.testng.internal.Invoker.invokeTestMethod(Invoker.java:820)
	at org.testng.internal.Invoker.invokeTestMethods(Invoker.java:1128)
	at org.testng.internal.TestMethodWorker.invokeTestMethods(TestMethodWorker.java:129)
	at org.testng.internal.TestMethodWorker.run(TestMethodWorker.java:112)
	at org.testng.TestRunner.privateRun(TestRunner.java:782)
	at org.testng.TestRunner.run(TestRunner.java:632)
	at org.testng.SuiteRunner.runTest(SuiteRunner.java:366)
	at org.testng.SuiteRunner.runSequentially(SuiteRunner.java:361)
	at org.testng.SuiteRunner.privateRun(SuiteRunner.java:319)
	at org.testng.SuiteRunner.run(SuiteRunner.java:268)
	at org.testng.SuiteRunnerWorker.runSuite(SuiteRunnerWorker.java:52)
	at org.testng.SuiteRunnerWorker.run(SuiteRunnerWorker.java:86)
	at org.testng.TestNG.runSuitesSequentially(TestNG.java:1244)
	at org.testng.TestNG.runSuitesLocally(TestNG.java:1169)
	at org.testng.TestNG.run(TestNG.java:1064)
	at org.testng.remote.AbstractRemoteTestNG.run(AbstractRemoteTestNG.java:114)
	at org.testng.remote.RemoteTestNG.initAndRun(RemoteTestNG.java:251)
	at org.testng.remote.RemoteTestNG.main(RemoteTestNG.java:77)
</pre></div></td>
<td>0</td>
<td>com.scp.app.login.tests.Atest@6767c1fc</td></tr>
<tr>
<td title='com.scp.app.login.tests.Atest.m7()'><b>m7</b><br>Test class: com.scp.app.login.tests.Atest</td>
<td><div><pre>java.lang.ArithmeticException: / by zero
	at com.scp.app.login.tests.Atest.m7(Atest.java:42)
	at sun.reflect.NativeMethodAccessorImpl.invoke0(Native Method)
	at sun.reflect.NativeMethodAccessorImpl.invoke(NativeMethodAccessorImpl.java:62)
	at sun.reflect.DelegatingMethodAccessorImpl.invoke(DelegatingMethodAccessorImpl.java:43)
	at java.lang.reflect.Method.invoke(Method.java:498)
	at org.testng.internal.MethodInvocationHelper.invokeMethod(MethodInvocationHelper.java:86)
	at org.testng.internal.Invoker.invokeMethod(Invoker.java:643)
	at org.testng.internal.Invoker.invokeTestMethod(Invoker.java:820)
	at org.testng.internal.Invoker.invokeTestMethods(Invoker.java:1128)
	at org.testng.internal.TestMethodWorker.invokeTestMethods(TestMethodWorker.java:129)
	at org.testng.internal.TestMethodWorker.run(TestMethodWorker.java:112)
	at org.testng.TestRunner.privateRun(TestRunner.java:782)
	at org.testng.TestRunner.run(TestRunner.java:632)
	at org.testng.SuiteRunner.runTest(SuiteRunner.java:366)
	at org.testng.SuiteRunner.runSequentially(SuiteRunner.java:361)
	at org.testng.SuiteRunner.privateRun(SuiteRunner.java:319)
	at org.testng.SuiteRunner.run(SuiteRunner.java:268)
	at org.testng.SuiteRunnerWorker.runSuite(SuiteRunnerWorker.java:52)
	at org.testng.SuiteRunnerWorker.run(SuiteRunnerWorker.java:86)
	at org.testng.TestNG.runSuitesSequentially(TestNG.java:1244)
	at org.testng.TestNG.runSuitesLocally(TestNG.java:1169)
	at org.testng.TestNG.run(TestNG.java:1064)
	at org.testng.remote.AbstractRemoteTestNG.run(AbstractRemoteTestNG.java:114)
	at org.testng.remote.RemoteTestNG.initAndRun(RemoteTestNG.java:251)
	at org.testng.remote.RemoteTestNG.main(RemoteTestNG.java:77)
</pre></div><a href='#' onClick='toggleBox("stack-trace1668627309", this, "Click to show all stack frames", "Click to hide stack frames")'>Click to show all stack frames</a>
<div class='stack-trace' id='stack-trace1668627309'><pre>java.lang.ArithmeticException: / by zero
	at com.scp.app.login.tests.Atest.m7(Atest.java:42)
	at sun.reflect.NativeMethodAccessorImpl.invoke0(Native Method)
	at sun.reflect.NativeMethodAccessorImpl.invoke(NativeMethodAccessorImpl.java:62)
	at sun.reflect.DelegatingMethodAccessorImpl.invoke(DelegatingMethodAccessorImpl.java:43)
	at java.lang.reflect.Method.invoke(Method.java:498)
	at org.testng.internal.MethodInvocationHelper.invokeMethod(MethodInvocationHelper.java:86)
	at org.testng.internal.Invoker.invokeMethod(Invoker.java:643)
	at org.testng.internal.Invoker.invokeTestMethod(Invoker.java:820)
	at org.testng.internal.Invoker.invokeTestMethods(Invoker.java:1128)
	at org.testng.internal.TestMethodWorker.invokeTestMethods(TestMethodWorker.java:129)
	at org.testng.internal.TestMethodWorker.run(TestMethodWorker.java:112)
	at org.testng.TestRunner.privateRun(TestRunner.java:782)
	at org.testng.TestRunner.run(TestRunner.java:632)
	at org.testng.SuiteRunner.runTest(SuiteRunner.java:366)
	at org.testng.SuiteRunner.runSequentially(SuiteRunner.java:361)
	at org.testng.SuiteRunner.privateRun(SuiteRunner.java:319)
	at org.testng.SuiteRunner.run(SuiteRunner.java:268)
	at org.testng.SuiteRunnerWorker.runSuite(SuiteRunnerWorker.java:52)
	at org.testng.SuiteRunnerWorker.run(SuiteRunnerWorker.java:86)
	at org.testng.TestNG.runSuitesSequentially(TestNG.java:1244)
	at org.testng.TestNG.runSuitesLocally(TestNG.java:1169)
	at org.testng.TestNG.run(TestNG.java:1064)
	at org.testng.remote.AbstractRemoteTestNG.run(AbstractRemoteTestNG.java:114)
	at org.testng.remote.RemoteTestNG.initAndRun(RemoteTestNG.java:251)
	at org.testng.remote.RemoteTestNG.main(RemoteTestNG.java:77)
</pre></div></td>
<td>0</td>
<td>com.scp.app.login.tests.Atest@6767c1fc</td></tr>
<tr>
<td title='com.scp.app.login.tests.Atest.m7()'><b>m7</b><br>Test class: com.scp.app.login.tests.Atest</td>
<td><div><pre>java.lang.ArithmeticException: / by zero
	at com.scp.app.login.tests.Atest.m7(Atest.java:42)
	at sun.reflect.NativeMethodAccessorImpl.invoke0(Native Method)
	at sun.reflect.NativeMethodAccessorImpl.invoke(NativeMethodAccessorImpl.java:62)
	at sun.reflect.DelegatingMethodAccessorImpl.invoke(DelegatingMethodAccessorImpl.java:43)
	at java.lang.reflect.Method.invoke(Method.java:498)
	at org.testng.internal.MethodInvocationHelper.invokeMethod(MethodInvocationHelper.java:86)
	at org.testng.internal.Invoker.invokeMethod(Invoker.java:643)
	at org.testng.internal.Invoker.invokeTestMethod(Invoker.java:820)
	at org.testng.internal.Invoker.invokeTestMethods(Invoker.java:1128)
	at org.testng.internal.TestMethodWorker.invokeTestMethods(TestMethodWorker.java:129)
	at org.testng.internal.TestMethodWorker.run(TestMethodWorker.java:112)
	at org.testng.TestRunner.privateRun(TestRunner.java:782)
	at org.testng.TestRunner.run(TestRunner.java:632)
	at org.testng.SuiteRunner.runTest(SuiteRunner.java:366)
	at org.testng.SuiteRunner.runSequentially(SuiteRunner.java:361)
	at org.testng.SuiteRunner.privateRun(SuiteRunner.java:319)
	at org.testng.SuiteRunner.run(SuiteRunner.java:268)
	at org.testng.SuiteRunnerWorker.runSuite(SuiteRunnerWorker.java:52)
	at org.testng.SuiteRunnerWorker.run(SuiteRunnerWorker.java:86)
	at org.testng.TestNG.runSuitesSequentially(TestNG.java:1244)
	at org.testng.TestNG.runSuitesLocally(TestNG.java:1169)
	at org.testng.TestNG.run(TestNG.java:1064)
	at org.testng.remote.AbstractRemoteTestNG.run(AbstractRemoteTestNG.java:114)
	at org.testng.remote.RemoteTestNG.initAndRun(RemoteTestNG.java:251)
	at org.testng.remote.RemoteTestNG.main(RemoteTestNG.java:77)
</pre></div><a href='#' onClick='toggleBox("stack-trace1698097425", this, "Click to show all stack frames", "Click to hide stack frames")'>Click to show all stack frames</a>
<div class='stack-trace' id='stack-trace1698097425'><pre>java.lang.ArithmeticException: / by zero
	at com.scp.app.login.tests.Atest.m7(Atest.java:42)
	at sun.reflect.NativeMethodAccessorImpl.invoke0(Native Method)
	at sun.reflect.NativeMethodAccessorImpl.invoke(NativeMethodAccessorImpl.java:62)
	at sun.reflect.DelegatingMethodAccessorImpl.invoke(DelegatingMethodAccessorImpl.java:43)
	at java.lang.reflect.Method.invoke(Method.java:498)
	at org.testng.internal.MethodInvocationHelper.invokeMethod(MethodInvocationHelper.java:86)
	at org.testng.internal.Invoker.invokeMethod(Invoker.java:643)
	at org.testng.internal.Invoker.invokeTestMethod(Invoker.java:820)
	at org.testng.internal.Invoker.invokeTestMethods(Invoker.java:1128)
	at org.testng.internal.TestMethodWorker.invokeTestMethods(TestMethodWorker.java:129)
	at org.testng.internal.TestMethodWorker.run(TestMethodWorker.java:112)
	at org.testng.TestRunner.privateRun(TestRunner.java:782)
	at org.testng.TestRunner.run(TestRunner.java:632)
	at org.testng.SuiteRunner.runTest(SuiteRunner.java:366)
	at org.testng.SuiteRunner.runSequentially(SuiteRunner.java:361)
	at org.testng.SuiteRunner.privateRun(SuiteRunner.java:319)
	at org.testng.SuiteRunner.run(SuiteRunner.java:268)
	at org.testng.SuiteRunnerWorker.runSuite(SuiteRunnerWorker.java:52)
	at org.testng.SuiteRunnerWorker.run(SuiteRunnerWorker.java:86)
	at org.testng.TestNG.runSuitesSequentially(TestNG.java:1244)
	at org.testng.TestNG.runSuitesLocally(TestNG.java:1169)
	at org.testng.TestNG.run(TestNG.java:1064)
	at org.testng.remote.AbstractRemoteTestNG.run(AbstractRemoteTestNG.java:114)
	at org.testng.remote.RemoteTestNG.initAndRun(RemoteTestNG.java:251)
	at org.testng.remote.RemoteTestNG.main(RemoteTestNG.java:77)
</pre></div></td>
<td>0</td>
<td>com.scp.app.login.tests.Atest@6767c1fc</td></tr>
<tr>
<td title='com.scp.app.login.tests.Atest.m7()'><b>m7</b><br>Test class: com.scp.app.login.tests.Atest</td>
<td><div><pre>java.lang.ArithmeticException: / by zero
	at com.scp.app.login.tests.Atest.m7(Atest.java:42)
	at sun.reflect.NativeMethodAccessorImpl.invoke0(Native Method)
	at sun.reflect.NativeMethodAccessorImpl.invoke(NativeMethodAccessorImpl.java:62)
	at sun.reflect.DelegatingMethodAccessorImpl.invoke(DelegatingMethodAccessorImpl.java:43)
	at java.lang.reflect.Method.invoke(Method.java:498)
	at org.testng.internal.MethodInvocationHelper.invokeMethod(MethodInvocationHelper.java:86)
	at org.testng.internal.Invoker.invokeMethod(Invoker.java:643)
	at org.testng.internal.Invoker.invokeTestMethod(Invoker.java:820)
	at org.testng.internal.Invoker.invokeTestMethods(Invoker.java:1128)
	at org.testng.internal.TestMethodWorker.invokeTestMethods(TestMethodWorker.java:129)
	at org.testng.internal.TestMethodWorker.run(TestMethodWorker.java:112)
	at org.testng.TestRunner.privateRun(TestRunner.java:782)
	at org.testng.TestRunner.run(TestRunner.java:632)
	at org.testng.SuiteRunner.runTest(SuiteRunner.java:366)
	at org.testng.SuiteRunner.runSequentially(SuiteRunner.java:361)
	at org.testng.SuiteRunner.privateRun(SuiteRunner.java:319)
	at org.testng.SuiteRunner.run(SuiteRunner.java:268)
	at org.testng.SuiteRunnerWorker.runSuite(SuiteRunnerWorker.java:52)
	at org.testng.SuiteRunnerWorker.run(SuiteRunnerWorker.java:86)
	at org.testng.TestNG.runSuitesSequentially(TestNG.java:1244)
	at org.testng.TestNG.runSuitesLocally(TestNG.java:1169)
	at org.testng.TestNG.run(TestNG.java:1064)
	at org.testng.remote.AbstractRemoteTestNG.run(AbstractRemoteTestNG.java:114)
	at org.testng.remote.RemoteTestNG.initAndRun(RemoteTestNG.java:251)
	at org.testng.remote.RemoteTestNG.main(RemoteTestNG.java:77)
</pre></div><a href='#' onClick='toggleBox("stack-trace418304857", this, "Click to show all stack frames", "Click to hide stack frames")'>Click to show all stack frames</a>
<div class='stack-trace' id='stack-trace418304857'><pre>java.lang.ArithmeticException: / by zero
	at com.scp.app.login.tests.Atest.m7(Atest.java:42)
	at sun.reflect.NativeMethodAccessorImpl.invoke0(Native Method)
	at sun.reflect.NativeMethodAccessorImpl.invoke(NativeMethodAccessorImpl.java:62)
	at sun.reflect.DelegatingMethodAccessorImpl.invoke(DelegatingMethodAccessorImpl.java:43)
	at java.lang.reflect.Method.invoke(Method.java:498)
	at org.testng.internal.MethodInvocationHelper.invokeMethod(MethodInvocationHelper.java:86)
	at org.testng.internal.Invoker.invokeMethod(Invoker.java:643)
	at org.testng.internal.Invoker.invokeTestMethod(Invoker.java:820)
	at org.testng.internal.Invoker.invokeTestMethods(Invoker.java:1128)
	at org.testng.internal.TestMethodWorker.invokeTestMethods(TestMethodWorker.java:129)
	at org.testng.internal.TestMethodWorker.run(TestMethodWorker.java:112)
	at org.testng.TestRunner.privateRun(TestRunner.java:782)
	at org.testng.TestRunner.run(TestRunner.java:632)
	at org.testng.SuiteRunner.runTest(SuiteRunner.java:366)
	at org.testng.SuiteRunner.runSequentially(SuiteRunner.java:361)
	at org.testng.SuiteRunner.privateRun(SuiteRunner.java:319)
	at org.testng.SuiteRunner.run(SuiteRunner.java:268)
	at org.testng.SuiteRunnerWorker.runSuite(SuiteRunnerWorker.java:52)
	at org.testng.SuiteRunnerWorker.run(SuiteRunnerWorker.java:86)
	at org.testng.TestNG.runSuitesSequentially(TestNG.java:1244)
	at org.testng.TestNG.runSuitesLocally(TestNG.java:1169)
	at org.testng.TestNG.run(TestNG.java:1064)
	at org.testng.remote.AbstractRemoteTestNG.run(AbstractRemoteTestNG.java:114)
	at org.testng.remote.RemoteTestNG.initAndRun(RemoteTestNG.java:251)
	at org.testng.remote.RemoteTestNG.main(RemoteTestNG.java:77)
</pre></div></td>
<td>0</td>
<td>com.scp.app.login.tests.Atest@6767c1fc</td></tr>
<tr>
<td title='com.scp.app.login.tests.Atest.m7()'><b>m7</b><br>Test class: com.scp.app.login.tests.Atest</td>
<td><div><pre>java.lang.ArithmeticException: / by zero
	at com.scp.app.login.tests.Atest.m7(Atest.java:42)
	at sun.reflect.NativeMethodAccessorImpl.invoke0(Native Method)
	at sun.reflect.NativeMethodAccessorImpl.invoke(NativeMethodAccessorImpl.java:62)
	at sun.reflect.DelegatingMethodAccessorImpl.invoke(DelegatingMethodAccessorImpl.java:43)
	at java.lang.reflect.Method.invoke(Method.java:498)
	at org.testng.internal.MethodInvocationHelper.invokeMethod(MethodInvocationHelper.java:86)
	at org.testng.internal.Invoker.invokeMethod(Invoker.java:643)
	at org.testng.internal.Invoker.invokeTestMethod(Invoker.java:820)
	at org.testng.internal.Invoker.invokeTestMethods(Invoker.java:1128)
	at org.testng.internal.TestMethodWorker.invokeTestMethods(TestMethodWorker.java:129)
	at org.testng.internal.TestMethodWorker.run(TestMethodWorker.java:112)
	at org.testng.TestRunner.privateRun(TestRunner.java:782)
	at org.testng.TestRunner.run(TestRunner.java:632)
	at org.testng.SuiteRunner.runTest(SuiteRunner.java:366)
	at org.testng.SuiteRunner.runSequentially(SuiteRunner.java:361)
	at org.testng.SuiteRunner.privateRun(SuiteRunner.java:319)
	at org.testng.SuiteRunner.run(SuiteRunner.java:268)
	at org.testng.SuiteRunnerWorker.runSuite(SuiteRunnerWorker.java:52)
	at org.testng.SuiteRunnerWorker.run(SuiteRunnerWorker.java:86)
	at org.testng.TestNG.runSuitesSequentially(TestNG.java:1244)
	at org.testng.TestNG.runSuitesLocally(TestNG.java:1169)
	at org.testng.TestNG.run(TestNG.java:1064)
	at org.testng.remote.AbstractRemoteTestNG.run(AbstractRemoteTestNG.java:114)
	at org.testng.remote.RemoteTestNG.initAndRun(RemoteTestNG.java:251)
	at org.testng.remote.RemoteTestNG.main(RemoteTestNG.java:77)
</pre></div><a href='#' onClick='toggleBox("stack-trace1815546035", this, "Click to show all stack frames", "Click to hide stack frames")'>Click to show all stack frames</a>
<div class='stack-trace' id='stack-trace1815546035'><pre>java.lang.ArithmeticException: / by zero
	at com.scp.app.login.tests.Atest.m7(Atest.java:42)
	at sun.reflect.NativeMethodAccessorImpl.invoke0(Native Method)
	at sun.reflect.NativeMethodAccessorImpl.invoke(NativeMethodAccessorImpl.java:62)
	at sun.reflect.DelegatingMethodAccessorImpl.invoke(DelegatingMethodAccessorImpl.java:43)
	at java.lang.reflect.Method.invoke(Method.java:498)
	at org.testng.internal.MethodInvocationHelper.invokeMethod(MethodInvocationHelper.java:86)
	at org.testng.internal.Invoker.invokeMethod(Invoker.java:643)
	at org.testng.internal.Invoker.invokeTestMethod(Invoker.java:820)
	at org.testng.internal.Invoker.invokeTestMethods(Invoker.java:1128)
	at org.testng.internal.TestMethodWorker.invokeTestMethods(TestMethodWorker.java:129)
	at org.testng.internal.TestMethodWorker.run(TestMethodWorker.java:112)
	at org.testng.TestRunner.privateRun(TestRunner.java:782)
	at org.testng.TestRunner.run(TestRunner.java:632)
	at org.testng.SuiteRunner.runTest(SuiteRunner.java:366)
	at org.testng.SuiteRunner.runSequentially(SuiteRunner.java:361)
	at org.testng.SuiteRunner.privateRun(SuiteRunner.java:319)
	at org.testng.SuiteRunner.run(SuiteRunner.java:268)
	at org.testng.SuiteRunnerWorker.runSuite(SuiteRunnerWorker.java:52)
	at org.testng.SuiteRunnerWorker.run(SuiteRunnerWorker.java:86)
	at org.testng.TestNG.runSuitesSequentially(TestNG.java:1244)
	at org.testng.TestNG.runSuitesLocally(TestNG.java:1169)
	at org.testng.TestNG.run(TestNG.java:1064)
	at org.testng.remote.AbstractRemoteTestNG.run(AbstractRemoteTestNG.java:114)
	at org.testng.remote.RemoteTestNG.initAndRun(RemoteTestNG.java:251)
	at org.testng.remote.RemoteTestNG.main(RemoteTestNG.java:77)
</pre></div></td>
<td>0</td>
<td>com.scp.app.login.tests.Atest@6767c1fc</td></tr>
<tr>
<td title='com.scp.app.login.tests.Atest.m7()'><b>m7</b><br>Test class: com.scp.app.login.tests.Atest</td>
<td><div><pre>java.lang.ArithmeticException: / by zero
	at com.scp.app.login.tests.Atest.m7(Atest.java:42)
	at sun.reflect.NativeMethodAccessorImpl.invoke0(Native Method)
	at sun.reflect.NativeMethodAccessorImpl.invoke(NativeMethodAccessorImpl.java:62)
	at sun.reflect.DelegatingMethodAccessorImpl.invoke(DelegatingMethodAccessorImpl.java:43)
	at java.lang.reflect.Method.invoke(Method.java:498)
	at org.testng.internal.MethodInvocationHelper.invokeMethod(MethodInvocationHelper.java:86)
	at org.testng.internal.Invoker.invokeMethod(Invoker.java:643)
	at org.testng.internal.Invoker.invokeTestMethod(Invoker.java:820)
	at org.testng.internal.Invoker.invokeTestMethods(Invoker.java:1128)
	at org.testng.internal.TestMethodWorker.invokeTestMethods(TestMethodWorker.java:129)
	at org.testng.internal.TestMethodWorker.run(TestMethodWorker.java:112)
	at org.testng.TestRunner.privateRun(TestRunner.java:782)
	at org.testng.TestRunner.run(TestRunner.java:632)
	at org.testng.SuiteRunner.runTest(SuiteRunner.java:366)
	at org.testng.SuiteRunner.runSequentially(SuiteRunner.java:361)
	at org.testng.SuiteRunner.privateRun(SuiteRunner.java:319)
	at org.testng.SuiteRunner.run(SuiteRunner.java:268)
	at org.testng.SuiteRunnerWorker.runSuite(SuiteRunnerWorker.java:52)
	at org.testng.SuiteRunnerWorker.run(SuiteRunnerWorker.java:86)
	at org.testng.TestNG.runSuitesSequentially(TestNG.java:1244)
	at org.testng.TestNG.runSuitesLocally(TestNG.java:1169)
	at org.testng.TestNG.run(TestNG.java:1064)
	at org.testng.remote.AbstractRemoteTestNG.run(AbstractRemoteTestNG.java:114)
	at org.testng.remote.RemoteTestNG.initAndRun(RemoteTestNG.java:251)
	at org.testng.remote.RemoteTestNG.main(RemoteTestNG.java:77)
</pre></div><a href='#' onClick='toggleBox("stack-trace25548982", this, "Click to show all stack frames", "Click to hide stack frames")'>Click to show all stack frames</a>
<div class='stack-trace' id='stack-trace25548982'><pre>java.lang.ArithmeticException: / by zero
	at com.scp.app.login.tests.Atest.m7(Atest.java:42)
	at sun.reflect.NativeMethodAccessorImpl.invoke0(Native Method)
	at sun.reflect.NativeMethodAccessorImpl.invoke(NativeMethodAccessorImpl.java:62)
	at sun.reflect.DelegatingMethodAccessorImpl.invoke(DelegatingMethodAccessorImpl.java:43)
	at java.lang.reflect.Method.invoke(Method.java:498)
	at org.testng.internal.MethodInvocationHelper.invokeMethod(MethodInvocationHelper.java:86)
	at org.testng.internal.Invoker.invokeMethod(Invoker.java:643)
	at org.testng.internal.Invoker.invokeTestMethod(Invoker.java:820)
	at org.testng.internal.Invoker.invokeTestMethods(Invoker.java:1128)
	at org.testng.internal.TestMethodWorker.invokeTestMethods(TestMethodWorker.java:129)
	at org.testng.internal.TestMethodWorker.run(TestMethodWorker.java:112)
	at org.testng.TestRunner.privateRun(TestRunner.java:782)
	at org.testng.TestRunner.run(TestRunner.java:632)
	at org.testng.SuiteRunner.runTest(SuiteRunner.java:366)
	at org.testng.SuiteRunner.runSequentially(SuiteRunner.java:361)
	at org.testng.SuiteRunner.privateRun(SuiteRunner.java:319)
	at org.testng.SuiteRunner.run(SuiteRunner.java:268)
	at org.testng.SuiteRunnerWorker.runSuite(SuiteRunnerWorker.java:52)
	at org.testng.SuiteRunnerWorker.run(SuiteRunnerWorker.java:86)
	at org.testng.TestNG.runSuitesSequentially(TestNG.java:1244)
	at org.testng.TestNG.runSuitesLocally(TestNG.java:1169)
	at org.testng.TestNG.run(TestNG.java:1064)
	at org.testng.remote.AbstractRemoteTestNG.run(AbstractRemoteTestNG.java:114)
	at org.testng.remote.RemoteTestNG.initAndRun(RemoteTestNG.java:251)
	at org.testng.remote.RemoteTestNG.main(RemoteTestNG.java:77)
</pre></div></td>
<td>0</td>
<td>com.scp.app.login.tests.Atest@6767c1fc</td></tr>
<tr>
<td title='com.scp.app.login.tests.Atest.m7()'><b>m7</b><br>Test class: com.scp.app.login.tests.Atest</td>
<td><div><pre>java.lang.ArithmeticException: / by zero
	at com.scp.app.login.tests.Atest.m7(Atest.java:42)
	at sun.reflect.NativeMethodAccessorImpl.invoke0(Native Method)
	at sun.reflect.NativeMethodAccessorImpl.invoke(NativeMethodAccessorImpl.java:62)
	at sun.reflect.DelegatingMethodAccessorImpl.invoke(DelegatingMethodAccessorImpl.java:43)
	at java.lang.reflect.Method.invoke(Method.java:498)
	at org.testng.internal.MethodInvocationHelper.invokeMethod(MethodInvocationHelper.java:86)
	at org.testng.internal.Invoker.invokeMethod(Invoker.java:643)
	at org.testng.internal.Invoker.invokeTestMethod(Invoker.java:820)
	at org.testng.internal.Invoker.invokeTestMethods(Invoker.java:1128)
	at org.testng.internal.TestMethodWorker.invokeTestMethods(TestMethodWorker.java:129)
	at org.testng.internal.TestMethodWorker.run(TestMethodWorker.java:112)
	at org.testng.TestRunner.privateRun(TestRunner.java:782)
	at org.testng.TestRunner.run(TestRunner.java:632)
	at org.testng.SuiteRunner.runTest(SuiteRunner.java:366)
	at org.testng.SuiteRunner.runSequentially(SuiteRunner.java:361)
	at org.testng.SuiteRunner.privateRun(SuiteRunner.java:319)
	at org.testng.SuiteRunner.run(SuiteRunner.java:268)
	at org.testng.SuiteRunnerWorker.runSuite(SuiteRunnerWorker.java:52)
	at org.testng.SuiteRunnerWorker.run(SuiteRunnerWorker.java:86)
	at org.testng.TestNG.runSuitesSequentially(TestNG.java:1244)
	at org.testng.TestNG.runSuitesLocally(TestNG.java:1169)
	at org.testng.TestNG.run(TestNG.java:1064)
	at org.testng.remote.AbstractRemoteTestNG.run(AbstractRemoteTestNG.java:114)
	at org.testng.remote.RemoteTestNG.initAndRun(RemoteTestNG.java:251)
	at org.testng.remote.RemoteTestNG.main(RemoteTestNG.java:77)
</pre></div><a href='#' onClick='toggleBox("stack-trace861842890", this, "Click to show all stack frames", "Click to hide stack frames")'>Click to show all stack frames</a>
<div class='stack-trace' id='stack-trace861842890'><pre>java.lang.ArithmeticException: / by zero
	at com.scp.app.login.tests.Atest.m7(Atest.java:42)
	at sun.reflect.NativeMethodAccessorImpl.invoke0(Native Method)
	at sun.reflect.NativeMethodAccessorImpl.invoke(NativeMethodAccessorImpl.java:62)
	at sun.reflect.DelegatingMethodAccessorImpl.invoke(DelegatingMethodAccessorImpl.java:43)
	at java.lang.reflect.Method.invoke(Method.java:498)
	at org.testng.internal.MethodInvocationHelper.invokeMethod(MethodInvocationHelper.java:86)
	at org.testng.internal.Invoker.invokeMethod(Invoker.java:643)
	at org.testng.internal.Invoker.invokeTestMethod(Invoker.java:820)
	at org.testng.internal.Invoker.invokeTestMethods(Invoker.java:1128)
	at org.testng.internal.TestMethodWorker.invokeTestMethods(TestMethodWorker.java:129)
	at org.testng.internal.TestMethodWorker.run(TestMethodWorker.java:112)
	at org.testng.TestRunner.privateRun(TestRunner.java:782)
	at org.testng.TestRunner.run(TestRunner.java:632)
	at org.testng.SuiteRunner.runTest(SuiteRunner.java:366)
	at org.testng.SuiteRunner.runSequentially(SuiteRunner.java:361)
	at org.testng.SuiteRunner.privateRun(SuiteRunner.java:319)
	at org.testng.SuiteRunner.run(SuiteRunner.java:268)
	at org.testng.SuiteRunnerWorker.runSuite(SuiteRunnerWorker.java:52)
	at org.testng.SuiteRunnerWorker.run(SuiteRunnerWorker.java:86)
	at org.testng.TestNG.runSuitesSequentially(TestNG.java:1244)
	at org.testng.TestNG.runSuitesLocally(TestNG.java:1169)
	at org.testng.TestNG.run(TestNG.java:1064)
	at org.testng.remote.AbstractRemoteTestNG.run(AbstractRemoteTestNG.java:114)
	at org.testng.remote.RemoteTestNG.initAndRun(RemoteTestNG.java:251)
	at org.testng.remote.RemoteTestNG.main(RemoteTestNG.java:77)
</pre></div></td>
<td>0</td>
<td>com.scp.app.login.tests.Atest@6767c1fc</td></tr>
</table><p>
<table width='100%' border='1' class='invocation-passed'>
<tr><td colspan='4' align='center'><b>PASSED TESTS</b></td></tr>
<tr><td><b>Test method</b></td>
<td width="30%"><b>Exception</b></td>
<td width="10%"><b>Time (seconds)</b></td>
<td><b>Instance</b></td>
</tr>
<tr>
<td title='com.scp.app.login.tests.Atest.m1()'><b>m1</b><br>Test class: com.scp.app.login.tests.Atest</td>
<td></td>
<td>0</td>
<td>com.scp.app.login.tests.Atest@6767c1fc</td></tr>
<tr>
<td title='com.scp.app.login.tests.Atest.m2()'><b>m2</b><br>Test class: com.scp.app.login.tests.Atest</td>
<td></td>
<td>0</td>
<td>com.scp.app.login.tests.Atest@6767c1fc</td></tr>
<tr>
<td title='com.scp.app.login.tests.Atest.m3()'><b>m3</b><br>Test class: com.scp.app.login.tests.Atest</td>
<td></td>
<td>0</td>
<td>com.scp.app.login.tests.Atest@6767c1fc</td></tr>
<tr>
<td title='com.scp.app.login.tests.Atest.m4()'><b>m4</b><br>Test class: com.scp.app.login.tests.Atest</td>
<td></td>
<td>0</td>
<td>com.scp.app.login.tests.Atest@6767c1fc</td></tr>
<tr>
<td title='com.scp.app.login.tests.Atest.m6()'><b>m6</b><br>Test class: com.scp.app.login.tests.Atest</td>
<td></td>
<td>0</td>
<td>com.scp.app.login.tests.Atest@6767c1fc</td></tr>
<tr>
<td title='com.scp.app.login.tests.Atest.m8()'><b>m8</b><br>Test class: com.scp.app.login.tests.Atest</td>
<td></td>
<td>0</td>
<td>com.scp.app.login.tests.Atest@6767c1fc</td></tr>
<tr>
<td title='com.scp.app.login.tests.Atest.m9()'><b>m9</b><br>Test class: com.scp.app.login.tests.Atest</td>
<td></td>
<td>0</td>
<td>com.scp.app.login.tests.Atest@6767c1fc</td></tr>
<tr>
<td title='com.scp.app.login.tests.Atest.m9()'><b>m9</b><br>Test class: com.scp.app.login.tests.Atest</td>
<td></td>
<td>0</td>
<td>com.scp.app.login.tests.Atest@6767c1fc</td></tr>
<tr>
<td title='com.scp.app.login.tests.Atest.m9()'><b>m9</b><br>Test class: com.scp.app.login.tests.Atest</td>
<td></td>
<td>0</td>
<td>com.scp.app.login.tests.Atest@6767c1fc</td></tr>
<tr>
<td title='com.scp.app.login.tests.Atest.m9()'><b>m9</b><br>Test class: com.scp.app.login.tests.Atest</td>
<td></td>
<td>0</td>
<td>com.scp.app.login.tests.Atest@6767c1fc</td></tr>
<tr>
<td title='com.scp.app.login.tests.Atest.m9()'><b>m9</b><br>Test class: com.scp.app.login.tests.Atest</td>
<td></td>
<td>0</td>
<td>com.scp.app.login.tests.Atest@6767c1fc</td></tr>
<tr>
<td title='com.scp.app.login.tests.Atest.m9()'><b>m9</b><br>Test class: com.scp.app.login.tests.Atest</td>
<td></td>
<td>0</td>
<td>com.scp.app.login.tests.Atest@6767c1fc</td></tr>
<tr>
<td title='com.scp.app.login.tests.Atest.m9()'><b>m9</b><br>Test class: com.scp.app.login.tests.Atest</td>
<td></td>
<td>0</td>
<td>com.scp.app.login.tests.Atest@6767c1fc</td></tr>
<tr>
<td title='com.scp.app.login.tests.Atest.m9()'><b>m9</b><br>Test class: com.scp.app.login.tests.Atest</td>
<td></td>
<td>0</td>
<td>com.scp.app.login.tests.Atest@6767c1fc</td></tr>
<tr>
<td title='com.scp.app.login.tests.Atest.m9()'><b>m9</b><br>Test class: com.scp.app.login.tests.Atest</td>
<td></td>
<td>0</td>
<td>com.scp.app.login.tests.Atest@6767c1fc</td></tr>
<tr>
<td title='com.scp.app.login.tests.Atest.m9()'><b>m9</b><br>Test class: com.scp.app.login.tests.Atest</td>
<td></td>
<td>0</td>
<td>com.scp.app.login.tests.Atest@6767c1fc</td></tr>
<tr>
<td title='com.scp.app.login.tests.Atest.m9()'><b>m9</b><br>Test class: com.scp.app.login.tests.Atest</td>
<td></td>
<td>0</td>
<td>com.scp.app.login.tests.Atest@6767c1fc</td></tr>
<tr>
<td title='com.scp.app.login.tests.Atest.m9()'><b>m9</b><br>Test class: com.scp.app.login.tests.Atest</td>
<td></td>
<td>0</td>
<td>com.scp.app.login.tests.Atest@6767c1fc</td></tr>
<tr>
<td title='com.scp.app.login.tests.Atest.m9()'><b>m9</b><br>Test class: com.scp.app.login.tests.Atest</td>
<td></td>
<td>0</td>
<td>com.scp.app.login.tests.Atest@6767c1fc</td></tr>
<tr>
<td title='com.scp.app.login.tests.Atest.m9()'><b>m9</b><br>Test class: com.scp.app.login.tests.Atest</td>
<td></td>
<td>0</td>
<td>com.scp.app.login.tests.Atest@6767c1fc</td></tr>
<tr>
<td title='com.scp.app.login.tests.Atest.m9()'><b>m9</b><br>Test class: com.scp.app.login.tests.Atest</td>
<td></td>
<td>0</td>
<td>com.scp.app.login.tests.Atest@6767c1fc</td></tr>
<tr>
<td title='com.scp.app.login.tests.Atest.m9()'><b>m9</b><br>Test class: com.scp.app.login.tests.Atest</td>
<td></td>
<td>0</td>
<td>com.scp.app.login.tests.Atest@6767c1fc</td></tr>
<tr>
<td title='com.scp.app.login.tests.Atest.m9()'><b>m9</b><br>Test class: com.scp.app.login.tests.Atest</td>
<td></td>
<td>0</td>
<td>com.scp.app.login.tests.Atest@6767c1fc</td></tr>
<tr>
<td title='com.scp.app.login.tests.Atest.m9()'><b>m9</b><br>Test class: com.scp.app.login.tests.Atest</td>
<td></td>
<td>0</td>
<td>com.scp.app.login.tests.Atest@6767c1fc</td></tr>
<tr>
<td title='com.scp.app.login.tests.Atest.m9()'><b>m9</b><br>Test class: com.scp.app.login.tests.Atest</td>
<td></td>
<td>0</td>
<td>com.scp.app.login.tests.Atest@6767c1fc</td></tr>
<tr>
<td title='com.scp.app.login.tests.Atest.m9()'><b>m9</b><br>Test class: com.scp.app.login.tests.Atest</td>
<td></td>
<td>0</td>
<td>com.scp.app.login.tests.Atest@6767c1fc</td></tr>
<tr>
<td title='com.scp.app.login.tests.Atest.m9()'><b>m9</b><br>Test class: com.scp.app.login.tests.Atest</td>
<td></td>
<td>0</td>
<td>com.scp.app.login.tests.Atest@6767c1fc</td></tr>
<tr>
<td title='com.scp.app.login.tests.Atest.m9()'><b>m9</b><br>Test class: com.scp.app.login.tests.Atest</td>
<td></td>
<td>0</td>
<td>com.scp.app.login.tests.Atest@6767c1fc</td></tr>
<tr>
<td title='com.scp.app.login.tests.Atest.m9()'><b>m9</b><br>Test class: com.scp.app.login.tests.Atest</td>
<td></td>
<td>0</td>
<td>com.scp.app.login.tests.Atest@6767c1fc</td></tr>
<tr>
<td title='com.scp.app.login.tests.Atest.m9()'><b>m9</b><br>Test class: com.scp.app.login.tests.Atest</td>
<td></td>
<td>0</td>
<td>com.scp.app.login.tests.Atest@6767c1fc</td></tr>
<tr>
<td title='com.scp.app.login.tests.Atest.m9()'><b>m9</b><br>Test class: com.scp.app.login.tests.Atest</td>
<td></td>
<td>0</td>
<td>com.scp.app.login.tests.Atest@6767c1fc</td></tr>
<tr>
<td title='com.scp.app.login.tests.Atest.m9()'><b>m9</b><br>Test class: com.scp.app.login.tests.Atest</td>
<td></td>
<td>0</td>
<td>com.scp.app.login.tests.Atest@6767c1fc</td></tr>
<tr>
<td title='com.scp.app.login.tests.Atest.m9()'><b>m9</b><br>Test class: com.scp.app.login.tests.Atest</td>
<td></td>
<td>0</td>
<td>com.scp.app.login.tests.Atest@6767c1fc</td></tr>
<tr>
<td title='com.scp.app.login.tests.Atest.m9()'><b>m9</b><br>Test class: com.scp.app.login.tests.Atest</td>
<td></td>
<td>0</td>
<td>com.scp.app.login.tests.Atest@6767c1fc</td></tr>
<tr>
<td title='com.scp.app.login.tests.Atest.m9()'><b>m9</b><br>Test class: com.scp.app.login.tests.Atest</td>
<td></td>
<td>0</td>
<td>com.scp.app.login.tests.Atest@6767c1fc</td></tr>
<tr>
<td title='com.scp.app.login.tests.Atest.m9()'><b>m9</b><br>Test class: com.scp.app.login.tests.Atest</td>
<td></td>
<td>0</td>
<td>com.scp.app.login.tests.Atest@6767c1fc</td></tr>
<tr>
<td title='com.scp.app.login.tests.Atest.m9()'><b>m9</b><br>Test class: com.scp.app.login.tests.Atest</td>
<td></td>
<td>0</td>
<td>com.scp.app.login.tests.Atest@6767c1fc</td></tr>
<tr>
<td title='com.scp.app.login.tests.Atest.m9()'><b>m9</b><br>Test class: com.scp.app.login.tests.Atest</td>
<td></td>
<td>0</td>
<td>com.scp.app.login.tests.Atest@6767c1fc</td></tr>
<tr>
<td title='com.scp.app.login.tests.Atest.m9()'><b>m9</b><br>Test class: com.scp.app.login.tests.Atest</td>
<td></td>
<td>0</td>
<td>com.scp.app.login.tests.Atest@6767c1fc</td></tr>
<tr>
<td title='com.scp.app.login.tests.Atest.m9()'><b>m9</b><br>Test class: com.scp.app.login.tests.Atest</td>
<td></td>
<td>0</td>
<td>com.scp.app.login.tests.Atest@6767c1fc</td></tr>
<tr>
<td title='com.scp.app.login.tests.Atest.m9()'><b>m9</b><br>Test class: com.scp.app.login.tests.Atest</td>
<td></td>
<td>0</td>
<td>com.scp.app.login.tests.Atest@6767c1fc</td></tr>
<tr>
<td title='com.scp.app.login.tests.Atest.m9()'><b>m9</b><br>Test class: com.scp.app.login.tests.Atest</td>
<td></td>
<td>0</td>
<td>com.scp.app.login.tests.Atest@6767c1fc</td></tr>
<tr>
<td title='com.scp.app.login.tests.Atest.m9()'><b>m9</b><br>Test class: com.scp.app.login.tests.Atest</td>
<td></td>
<td>0</td>
<td>com.scp.app.login.tests.Atest@6767c1fc</td></tr>
<tr>
<td title='com.scp.app.login.tests.Atest.m9()'><b>m9</b><br>Test class: com.scp.app.login.tests.Atest</td>
<td></td>
<td>0</td>
<td>com.scp.app.login.tests.Atest@6767c1fc</td></tr>
<tr>
<td title='com.scp.app.login.tests.Atest.m9()'><b>m9</b><br>Test class: com.scp.app.login.tests.Atest</td>
<td></td>
<td>0</td>
<td>com.scp.app.login.tests.Atest@6767c1fc</td></tr>
<tr>
<td title='com.scp.app.login.tests.Atest.m9()'><b>m9</b><br>Test class: com.scp.app.login.tests.Atest</td>
<td></td>
<td>0</td>
<td>com.scp.app.login.tests.Atest@6767c1fc</td></tr>
<tr>
<td title='com.scp.app.login.tests.Atest.m9()'><b>m9</b><br>Test class: com.scp.app.login.tests.Atest</td>
<td></td>
<td>0</td>
<td>com.scp.app.login.tests.Atest@6767c1fc</td></tr>
<tr>
<td title='com.scp.app.login.tests.Atest.m9()'><b>m9</b><br>Test class: com.scp.app.login.tests.Atest</td>
<td></td>
<td>0</td>
<td>com.scp.app.login.tests.Atest@6767c1fc</td></tr>
<tr>
<td title='com.scp.app.login.tests.Atest.m9()'><b>m9</b><br>Test class: com.scp.app.login.tests.Atest</td>
<td></td>
<td>0</td>
<td>com.scp.app.login.tests.Atest@6767c1fc</td></tr>
<tr>
<td title='com.scp.app.login.tests.Atest.m9()'><b>m9</b><br>Test class: com.scp.app.login.tests.Atest</td>
<td></td>
<td>0</td>
<td>com.scp.app.login.tests.Atest@6767c1fc</td></tr>
<tr>
<td title='com.scp.app.login.tests.Atest.m9()'><b>m9</b><br>Test class: com.scp.app.login.tests.Atest</td>
<td></td>
<td>0</td>
<td>com.scp.app.login.tests.Atest@6767c1fc</td></tr>
<tr>
<td title='com.scp.app.login.tests.Atest.m9()'><b>m9</b><br>Test class: com.scp.app.login.tests.Atest</td>
<td></td>
<td>0</td>
<td>com.scp.app.login.tests.Atest@6767c1fc</td></tr>
<tr>
<td title='com.scp.app.login.tests.Atest.m9()'><b>m9</b><br>Test class: com.scp.app.login.tests.Atest</td>
<td></td>
<td>0</td>
<td>com.scp.app.login.tests.Atest@6767c1fc</td></tr>
<tr>
<td title='com.scp.app.login.tests.Atest.m9()'><b>m9</b><br>Test class: com.scp.app.login.tests.Atest</td>
<td></td>
<td>0</td>
<td>com.scp.app.login.tests.Atest@6767c1fc</td></tr>
<tr>
<td title='com.scp.app.login.tests.Atest.m9()'><b>m9</b><br>Test class: com.scp.app.login.tests.Atest</td>
<td></td>
<td>0</td>
<td>com.scp.app.login.tests.Atest@6767c1fc</td></tr>
<tr>
<td title='com.scp.app.login.tests.Atest.m9()'><b>m9</b><br>Test class: com.scp.app.login.tests.Atest</td>
<td></td>
<td>0</td>
<td>com.scp.app.login.tests.Atest@6767c1fc</td></tr>
<tr>
<td title='com.scp.app.login.tests.Atest.m9()'><b>m9</b><br>Test class: com.scp.app.login.tests.Atest</td>
<td></td>
<td>0</td>
<td>com.scp.app.login.tests.Atest@6767c1fc</td></tr>
<tr>
<td title='com.scp.app.login.tests.Atest.m9()'><b>m9</b><br>Test class: com.scp.app.login.tests.Atest</td>
<td></td>
<td>0</td>
<td>com.scp.app.login.tests.Atest@6767c1fc</td></tr>
<tr>
<td title='com.scp.app.login.tests.Atest.m9()'><b>m9</b><br>Test class: com.scp.app.login.tests.Atest</td>
<td></td>
<td>0</td>
<td>com.scp.app.login.tests.Atest@6767c1fc</td></tr>
<tr>
<td title='com.scp.app.login.tests.Atest.m9()'><b>m9</b><br>Test class: com.scp.app.login.tests.Atest</td>
<td></td>
<td>0</td>
<td>com.scp.app.login.tests.Atest@6767c1fc</td></tr>
<tr>
<td title='com.scp.app.login.tests.Atest.m9()'><b>m9</b><br>Test class: com.scp.app.login.tests.Atest</td>
<td></td>
<td>0</td>
<td>com.scp.app.login.tests.Atest@6767c1fc</td></tr>
<tr>
<td title='com.scp.app.login.tests.Atest.m9()'><b>m9</b><br>Test class: com.scp.app.login.tests.Atest</td>
<td></td>
<td>0</td>
<td>com.scp.app.login.tests.Atest@6767c1fc</td></tr>
<tr>
<td title='com.scp.app.login.tests.Atest.m9()'><b>m9</b><br>Test class: com.scp.app.login.tests.Atest</td>
<td></td>
<td>0</td>
<td>com.scp.app.login.tests.Atest@6767c1fc</td></tr>
<tr>
<td title='com.scp.app.login.tests.Atest.m9()'><b>m9</b><br>Test class: com.scp.app.login.tests.Atest</td>
<td></td>
<td>0</td>
<td>com.scp.app.login.tests.Atest@6767c1fc</td></tr>
<tr>
<td title='com.scp.app.login.tests.Atest.m9()'><b>m9</b><br>Test class: com.scp.app.login.tests.Atest</td>
<td></td>
<td>0</td>
<td>com.scp.app.login.tests.Atest@6767c1fc</td></tr>
<tr>
<td title='com.scp.app.login.tests.Atest.m9()'><b>m9</b><br>Test class: com.scp.app.login.tests.Atest</td>
<td></td>
<td>0</td>
<td>com.scp.app.login.tests.Atest@6767c1fc</td></tr>
<tr>
<td title='com.scp.app.login.tests.Atest.m9()'><b>m9</b><br>Test class: com.scp.app.login.tests.Atest</td>
<td></td>
<td>0</td>
<td>com.scp.app.login.tests.Atest@6767c1fc</td></tr>
<tr>
<td title='com.scp.app.login.tests.Atest.m9()'><b>m9</b><br>Test class: com.scp.app.login.tests.Atest</td>
<td></td>
<td>0</td>
<td>com.scp.app.login.tests.Atest@6767c1fc</td></tr>
<tr>
<td title='com.scp.app.login.tests.Atest.m9()'><b>m9</b><br>Test class: com.scp.app.login.tests.Atest</td>
<td></td>
<td>0</td>
<td>com.scp.app.login.tests.Atest@6767c1fc</td></tr>
<tr>
<td title='com.scp.app.login.tests.Atest.m9()'><b>m9</b><br>Test class: com.scp.app.login.tests.Atest</td>
<td></td>
<td>0</td>
<td>com.scp.app.login.tests.Atest@6767c1fc</td></tr>
<tr>
<td title='com.scp.app.login.tests.Atest.m9()'><b>m9</b><br>Test class: com.scp.app.login.tests.Atest</td>
<td></td>
<td>0</td>
<td>com.scp.app.login.tests.Atest@6767c1fc</td></tr>
<tr>
<td title='com.scp.app.login.tests.Atest.m9()'><b>m9</b><br>Test class: com.scp.app.login.tests.Atest</td>
<td></td>
<td>0</td>
<td>com.scp.app.login.tests.Atest@6767c1fc</td></tr>
<tr>
<td title='com.scp.app.login.tests.Atest.m9()'><b>m9</b><br>Test class: com.scp.app.login.tests.Atest</td>
<td></td>
<td>0</td>
<td>com.scp.app.login.tests.Atest@6767c1fc</td></tr>
<tr>
<td title='com.scp.app.login.tests.Atest.m9()'><b>m9</b><br>Test class: com.scp.app.login.tests.Atest</td>
<td></td>
<td>0</td>
<td>com.scp.app.login.tests.Atest@6767c1fc</td></tr>
<tr>
<td title='com.scp.app.login.tests.Atest.m9()'><b>m9</b><br>Test class: com.scp.app.login.tests.Atest</td>
<td></td>
<td>0</td>
<td>com.scp.app.login.tests.Atest@6767c1fc</td></tr>
<tr>
<td title='com.scp.app.login.tests.Atest.m9()'><b>m9</b><br>Test class: com.scp.app.login.tests.Atest</td>
<td></td>
<td>0</td>
<td>com.scp.app.login.tests.Atest@6767c1fc</td></tr>
<tr>
<td title='com.scp.app.login.tests.Atest.m9()'><b>m9</b><br>Test class: com.scp.app.login.tests.Atest</td>
<td></td>
<td>0</td>
<td>com.scp.app.login.tests.Atest@6767c1fc</td></tr>
<tr>
<td title='com.scp.app.login.tests.Atest.m9()'><b>m9</b><br>Test class: com.scp.app.login.tests.Atest</td>
<td></td>
<td>0</td>
<td>com.scp.app.login.tests.Atest@6767c1fc</td></tr>
<tr>
<td title='com.scp.app.login.tests.Atest.m9()'><b>m9</b><br>Test class: com.scp.app.login.tests.Atest</td>
<td></td>
<td>0</td>
<td>com.scp.app.login.tests.Atest@6767c1fc</td></tr>
<tr>
<td title='com.scp.app.login.tests.Atest.m9()'><b>m9</b><br>Test class: com.scp.app.login.tests.Atest</td>
<td></td>
<td>0</td>
<td>com.scp.app.login.tests.Atest@6767c1fc</td></tr>
<tr>
<td title='com.scp.app.login.tests.Atest.m9()'><b>m9</b><br>Test class: com.scp.app.login.tests.Atest</td>
<td></td>
<td>0</td>
<td>com.scp.app.login.tests.Atest@6767c1fc</td></tr>
<tr>
<td title='com.scp.app.login.tests.Atest.m9()'><b>m9</b><br>Test class: com.scp.app.login.tests.Atest</td>
<td></td>
<td>0</td>
<td>com.scp.app.login.tests.Atest@6767c1fc</td></tr>
<tr>
<td title='com.scp.app.login.tests.Atest.m9()'><b>m9</b><br>Test class: com.scp.app.login.tests.Atest</td>
<td></td>
<td>0</td>
<td>com.scp.app.login.tests.Atest@6767c1fc</td></tr>
<tr>
<td title='com.scp.app.login.tests.Atest.m9()'><b>m9</b><br>Test class: com.scp.app.login.tests.Atest</td>
<td></td>
<td>0</td>
<td>com.scp.app.login.tests.Atest@6767c1fc</td></tr>
<tr>
<td title='com.scp.app.login.tests.Atest.m9()'><b>m9</b><br>Test class: com.scp.app.login.tests.Atest</td>
<td></td>
<td>0</td>
<td>com.scp.app.login.tests.Atest@6767c1fc</td></tr>
<tr>
<td title='com.scp.app.login.tests.Atest.m9()'><b>m9</b><br>Test class: com.scp.app.login.tests.Atest</td>
<td></td>
<td>0</td>
<td>com.scp.app.login.tests.Atest@6767c1fc</td></tr>
<tr>
<td title='com.scp.app.login.tests.Atest.m9()'><b>m9</b><br>Test class: com.scp.app.login.tests.Atest</td>
<td></td>
<td>0</td>
<td>com.scp.app.login.tests.Atest@6767c1fc</td></tr>
<tr>
<td title='com.scp.app.login.tests.Atest.m9()'><b>m9</b><br>Test class: com.scp.app.login.tests.Atest</td>
<td></td>
<td>0</td>
<td>com.scp.app.login.tests.Atest@6767c1fc</td></tr>
<tr>
<td title='com.scp.app.login.tests.Atest.m9()'><b>m9</b><br>Test class: com.scp.app.login.tests.Atest</td>
<td></td>
<td>0</td>
<td>com.scp.app.login.tests.Atest@6767c1fc</td></tr>
<tr>
<td title='com.scp.app.login.tests.Atest.m9()'><b>m9</b><br>Test class: com.scp.app.login.tests.Atest</td>
<td></td>
<td>0</td>
<td>com.scp.app.login.tests.Atest@6767c1fc</td></tr>
<tr>
<td title='com.scp.app.login.tests.Atest.m9()'><b>m9</b><br>Test class: com.scp.app.login.tests.Atest</td>
<td></td>
<td>0</td>
<td>com.scp.app.login.tests.Atest@6767c1fc</td></tr>
<tr>
<td title='com.scp.app.login.tests.Atest.m9()'><b>m9</b><br>Test class: com.scp.app.login.tests.Atest</td>
<td></td>
<td>0</td>
<td>com.scp.app.login.tests.Atest@6767c1fc</td></tr>
<tr>
<td title='com.scp.app.login.tests.Atest.m9()'><b>m9</b><br>Test class: com.scp.app.login.tests.Atest</td>
<td></td>
<td>0</td>
<td>com.scp.app.login.tests.Atest@6767c1fc</td></tr>
<tr>
<td title='com.scp.app.login.tests.Atest.m9()'><b>m9</b><br>Test class: com.scp.app.login.tests.Atest</td>
<td></td>
<td>0</td>
<td>com.scp.app.login.tests.Atest@6767c1fc</td></tr>
<tr>
<td title='com.scp.app.login.tests.Atest.m9()'><b>m9</b><br>Test class: com.scp.app.login.tests.Atest</td>
<td></td>
<td>0</td>
<td>com.scp.app.login.tests.Atest@6767c1fc</td></tr>
<tr>
<td title='com.scp.app.login.tests.Atest.m9()'><b>m9</b><br>Test class: com.scp.app.login.tests.Atest</td>
<td></td>
<td>0</td>
<td>com.scp.app.login.tests.Atest@6767c1fc</td></tr>
<tr>
<td title='com.scp.app.login.tests.Atest.m9()'><b>m9</b><br>Test class: com.scp.app.login.tests.Atest</td>
<td></td>
<td>0</td>
<td>com.scp.app.login.tests.Atest@6767c1fc</td></tr>
<tr>
<td title='com.scp.app.login.tests.Atest.m9()'><b>m9</b><br>Test class: com.scp.app.login.tests.Atest</td>
<td></td>
<td>0</td>
<td>com.scp.app.login.tests.Atest@6767c1fc</td></tr>
<tr>
<td title='com.scp.app.login.tests.Atest.m9()'><b>m9</b><br>Test class: com.scp.app.login.tests.Atest</td>
<td></td>
<td>0</td>
<td>com.scp.app.login.tests.Atest@6767c1fc</td></tr>
<tr>
<td title='com.scp.app.login.tests.Atest.m9()'><b>m9</b><br>Test class: com.scp.app.login.tests.Atest</td>
<td></td>
<td>0</td>
<td>com.scp.app.login.tests.Atest@6767c1fc</td></tr>
<tr>
<td title='com.scp.app.login.tests.Atest.m9()'><b>m9</b><br>Test class: com.scp.app.login.tests.Atest</td>
<td></td>
<td>0</td>
<td>com.scp.app.login.tests.Atest@6767c1fc</td></tr>
<tr>
<td title='com.scp.app.login.tests.Atest.m9()'><b>m9</b><br>Test class: com.scp.app.login.tests.Atest</td>
<td></td>
<td>0</td>
<td>com.scp.app.login.tests.Atest@6767c1fc</td></tr>
<tr>
<td title='com.scp.app.login.tests.Atest.m9()'><b>m9</b><br>Test class: com.scp.app.login.tests.Atest</td>
<td></td>
<td>0</td>
<td>com.scp.app.login.tests.Atest@6767c1fc</td></tr>
<tr>
<td title='com.scp.app.login.tests.Atest.m9()'><b>m9</b><br>Test class: com.scp.app.login.tests.Atest</td>
<td></td>
<td>0</td>
<td>com.scp.app.login.tests.Atest@6767c1fc</td></tr>
<tr>
<td title='com.scp.app.login.tests.Atest.m9()'><b>m9</b><br>Test class: com.scp.app.login.tests.Atest</td>
<td></td>
<td>0</td>
<td>com.scp.app.login.tests.Atest@6767c1fc</td></tr>
<tr>
<td title='com.scp.app.login.tests.Atest.m9()'><b>m9</b><br>Test class: com.scp.app.login.tests.Atest</td>
<td></td>
<td>0</td>
<td>com.scp.app.login.tests.Atest@6767c1fc</td></tr>
<tr>
<td title='com.scp.app.login.tests.Atest.m9()'><b>m9</b><br>Test class: com.scp.app.login.tests.Atest</td>
<td></td>
<td>0</td>
<td>com.scp.app.login.tests.Atest@6767c1fc</td></tr>
<tr>
<td title='com.scp.app.login.tests.Atest.m9()'><b>m9</b><br>Test class: com.scp.app.login.tests.Atest</td>
<td></td>
<td>0</td>
<td>com.scp.app.login.tests.Atest@6767c1fc</td></tr>
<tr>
<td title='com.scp.app.login.tests.Atest.m9()'><b>m9</b><br>Test class: com.scp.app.login.tests.Atest</td>
<td></td>
<td>0</td>
<td>com.scp.app.login.tests.Atest@6767c1fc</td></tr>
<tr>
<td title='com.scp.app.login.tests.Atest.m9()'><b>m9</b><br>Test class: com.scp.app.login.tests.Atest</td>
<td></td>
<td>0</td>
<td>com.scp.app.login.tests.Atest@6767c1fc</td></tr>
<tr>
<td title='com.scp.app.login.tests.Atest.m9()'><b>m9</b><br>Test class: com.scp.app.login.tests.Atest</td>
<td></td>
<td>0</td>
<td>com.scp.app.login.tests.Atest@6767c1fc</td></tr>
<tr>
<td title='com.scp.app.login.tests.Atest.m9()'><b>m9</b><br>Test class: com.scp.app.login.tests.Atest</td>
<td></td>
<td>0</td>
<td>com.scp.app.login.tests.Atest@6767c1fc</td></tr>
<tr>
<td title='com.scp.app.login.tests.Atest.m9()'><b>m9</b><br>Test class: com.scp.app.login.tests.Atest</td>
<td></td>
<td>0</td>
<td>com.scp.app.login.tests.Atest@6767c1fc</td></tr>
<tr>
<td title='com.scp.app.login.tests.Atest.m9()'><b>m9</b><br>Test class: com.scp.app.login.tests.Atest</td>
<td></td>
<td>0</td>
<td>com.scp.app.login.tests.Atest@6767c1fc</td></tr>
<tr>
<td title='com.scp.app.login.tests.Atest.m9()'><b>m9</b><br>Test class: com.scp.app.login.tests.Atest</td>
<td></td>
<td>0</td>
<td>com.scp.app.login.tests.Atest@6767c1fc</td></tr>
<tr>
<td title='com.scp.app.login.tests.Atest.m9()'><b>m9</b><br>Test class: com.scp.app.login.tests.Atest</td>
<td></td>
<td>0</td>
<td>com.scp.app.login.tests.Atest@6767c1fc</td></tr>
<tr>
<td title='com.scp.app.login.tests.Atest.m9()'><b>m9</b><br>Test class: com.scp.app.login.tests.Atest</td>
<td></td>
<td>0</td>
<td>com.scp.app.login.tests.Atest@6767c1fc</td></tr>
<tr>
<td title='com.scp.app.login.tests.Atest.m9()'><b>m9</b><br>Test class: com.scp.app.login.tests.Atest</td>
<td></td>
<td>0</td>
<td>com.scp.app.login.tests.Atest@6767c1fc</td></tr>
<tr>
<td title='com.scp.app.login.tests.Atest.m9()'><b>m9</b><br>Test class: com.scp.app.login.tests.Atest</td>
<td></td>
<td>0</td>
<td>com.scp.app.login.tests.Atest@6767c1fc</td></tr>
<tr>
<td title='com.scp.app.login.tests.Atest.m9()'><b>m9</b><br>Test class: com.scp.app.login.tests.Atest</td>
<td></td>
<td>0</td>
<td>com.scp.app.login.tests.Atest@6767c1fc</td></tr>
<tr>
<td title='com.scp.app.login.tests.Atest.m9()'><b>m9</b><br>Test class: com.scp.app.login.tests.Atest</td>
<td></td>
<td>0</td>
<td>com.scp.app.login.tests.Atest@6767c1fc</td></tr>
<tr>
<td title='com.scp.app.login.tests.Atest.m9()'><b>m9</b><br>Test class: com.scp.app.login.tests.Atest</td>
<td></td>
<td>0</td>
<td>com.scp.app.login.tests.Atest@6767c1fc</td></tr>
<tr>
<td title='com.scp.app.login.tests.Atest.m9()'><b>m9</b><br>Test class: com.scp.app.login.tests.Atest</td>
<td></td>
<td>0</td>
<td>com.scp.app.login.tests.Atest@6767c1fc</td></tr>
<tr>
<td title='com.scp.app.login.tests.Atest.m9()'><b>m9</b><br>Test class: com.scp.app.login.tests.Atest</td>
<td></td>
<td>0</td>
<td>com.scp.app.login.tests.Atest@6767c1fc</td></tr>
<tr>
<td title='com.scp.app.login.tests.Atest.m9()'><b>m9</b><br>Test class: com.scp.app.login.tests.Atest</td>
<td></td>
<td>0</td>
<td>com.scp.app.login.tests.Atest@6767c1fc</td></tr>
<tr>
<td title='com.scp.app.login.tests.Atest.m9()'><b>m9</b><br>Test class: com.scp.app.login.tests.Atest</td>
<td></td>
<td>0</td>
<td>com.scp.app.login.tests.Atest@6767c1fc</td></tr>
<tr>
<td title='com.scp.app.login.tests.Atest.m9()'><b>m9</b><br>Test class: com.scp.app.login.tests.Atest</td>
<td></td>
<td>0</td>
<td>com.scp.app.login.tests.Atest@6767c1fc</td></tr>
<tr>
<td title='com.scp.app.login.tests.Atest.m9()'><b>m9</b><br>Test class: com.scp.app.login.tests.Atest</td>
<td></td>
<td>0</td>
<td>com.scp.app.login.tests.Atest@6767c1fc</td></tr>
<tr>
<td title='com.scp.app.login.tests.Atest.m9()'><b>m9</b><br>Test class: com.scp.app.login.tests.Atest</td>
<td></td>
<td>0</td>
<td>com.scp.app.login.tests.Atest@6767c1fc</td></tr>
<tr>
<td title='com.scp.app.login.tests.Atest.m9()'><b>m9</b><br>Test class: com.scp.app.login.tests.Atest</td>
<td></td>
<td>0</td>
<td>com.scp.app.login.tests.Atest@6767c1fc</td></tr>
<tr>
<td title='com.scp.app.login.tests.Atest.m9()'><b>m9</b><br>Test class: com.scp.app.login.tests.Atest</td>
<td></td>
<td>0</td>
<td>com.scp.app.login.tests.Atest@6767c1fc</td></tr>
<tr>
<td title='com.scp.app.login.tests.Atest.m9()'><b>m9</b><br>Test class: com.scp.app.login.tests.Atest</td>
<td></td>
<td>0</td>
<td>com.scp.app.login.tests.Atest@6767c1fc</td></tr>
<tr>
<td title='com.scp.app.login.tests.Atest.m9()'><b>m9</b><br>Test class: com.scp.app.login.tests.Atest</td>
<td></td>
<td>0</td>
<td>com.scp.app.login.tests.Atest@6767c1fc</td></tr>
<tr>
<td title='com.scp.app.login.tests.Atest.m9()'><b>m9</b><br>Test class: com.scp.app.login.tests.Atest</td>
<td></td>
<td>0</td>
<td>com.scp.app.login.tests.Atest@6767c1fc</td></tr>
<tr>
<td title='com.scp.app.login.tests.Atest.m9()'><b>m9</b><br>Test class: com.scp.app.login.tests.Atest</td>
<td></td>
<td>0</td>
<td>com.scp.app.login.tests.Atest@6767c1fc</td></tr>
<tr>
<td title='com.scp.app.login.tests.Atest.m9()'><b>m9</b><br>Test class: com.scp.app.login.tests.Atest</td>
<td></td>
<td>0</td>
<td>com.scp.app.login.tests.Atest@6767c1fc</td></tr>
<tr>
<td title='com.scp.app.login.tests.Atest.m9()'><b>m9</b><br>Test class: com.scp.app.login.tests.Atest</td>
<td></td>
<td>0</td>
<td>com.scp.app.login.tests.Atest@6767c1fc</td></tr>
<tr>
<td title='com.scp.app.login.tests.Atest.m9()'><b>m9</b><br>Test class: com.scp.app.login.tests.Atest</td>
<td></td>
<td>0</td>
<td>com.scp.app.login.tests.Atest@6767c1fc</td></tr>
<tr>
<td title='com.scp.app.login.tests.Atest.m9()'><b>m9</b><br>Test class: com.scp.app.login.tests.Atest</td>
<td></td>
<td>0</td>
<td>com.scp.app.login.tests.Atest@6767c1fc</td></tr>
<tr>
<td title='com.scp.app.login.tests.Atest.m9()'><b>m9</b><br>Test class: com.scp.app.login.tests.Atest</td>
<td></td>
<td>0</td>
<td>com.scp.app.login.tests.Atest@6767c1fc</td></tr>
<tr>
<td title='com.scp.app.login.tests.Atest.m9()'><b>m9</b><br>Test class: com.scp.app.login.tests.Atest</td>
<td></td>
<td>0</td>
<td>com.scp.app.login.tests.Atest@6767c1fc</td></tr>
<tr>
<td title='com.scp.app.login.tests.Atest.m9()'><b>m9</b><br>Test class: com.scp.app.login.tests.Atest</td>
<td></td>
<td>0</td>
<td>com.scp.app.login.tests.Atest@6767c1fc</td></tr>
<tr>
<td title='com.scp.app.login.tests.Atest.m9()'><b>m9</b><br>Test class: com.scp.app.login.tests.Atest</td>
<td></td>
<td>0</td>
<td>com.scp.app.login.tests.Atest@6767c1fc</td></tr>
<tr>
<td title='com.scp.app.login.tests.Atest.m9()'><b>m9</b><br>Test class: com.scp.app.login.tests.Atest</td>
<td></td>
<td>0</td>
<td>com.scp.app.login.tests.Atest@6767c1fc</td></tr>
<tr>
<td title='com.scp.app.login.tests.Atest.m9()'><b>m9</b><br>Test class: com.scp.app.login.tests.Atest</td>
<td></td>
<td>0</td>
<td>com.scp.app.login.tests.Atest@6767c1fc</td></tr>
<tr>
<td title='com.scp.app.login.tests.Atest.m9()'><b>m9</b><br>Test class: com.scp.app.login.tests.Atest</td>
<td></td>
<td>0</td>
<td>com.scp.app.login.tests.Atest@6767c1fc</td></tr>
<tr>
<td title='com.scp.app.login.tests.Atest.m9()'><b>m9</b><br>Test class: com.scp.app.login.tests.Atest</td>
<td></td>
<td>0</td>
<td>com.scp.app.login.tests.Atest@6767c1fc</td></tr>
<tr>
<td title='com.scp.app.login.tests.Atest.m9()'><b>m9</b><br>Test class: com.scp.app.login.tests.Atest</td>
<td></td>
<td>0</td>
<td>com.scp.app.login.tests.Atest@6767c1fc</td></tr>
<tr>
<td title='com.scp.app.login.tests.Atest.m9()'><b>m9</b><br>Test class: com.scp.app.login.tests.Atest</td>
<td></td>
<td>0</td>
<td>com.scp.app.login.tests.Atest@6767c1fc</td></tr>
<tr>
<td title='com.scp.app.login.tests.Atest.m9()'><b>m9</b><br>Test class: com.scp.app.login.tests.Atest</td>
<td></td>
<td>0</td>
<td>com.scp.app.login.tests.Atest@6767c1fc</td></tr>
<tr>
<td title='com.scp.app.login.tests.Atest.m9()'><b>m9</b><br>Test class: com.scp.app.login.tests.Atest</td>
<td></td>
<td>0</td>
<td>com.scp.app.login.tests.Atest@6767c1fc</td></tr>
<tr>
<td title='com.scp.app.login.tests.Atest.m9()'><b>m9</b><br>Test class: com.scp.app.login.tests.Atest</td>
<td></td>
<td>0</td>
<td>com.scp.app.login.tests.Atest@6767c1fc</td></tr>
<tr>
<td title='com.scp.app.login.tests.Atest.m9()'><b>m9</b><br>Test class: com.scp.app.login.tests.Atest</td>
<td></td>
<td>0</td>
<td>com.scp.app.login.tests.Atest@6767c1fc</td></tr>
<tr>
<td title='com.scp.app.login.tests.Atest.m9()'><b>m9</b><br>Test class: com.scp.app.login.tests.Atest</td>
<td></td>
<td>0</td>
<td>com.scp.app.login.tests.Atest@6767c1fc</td></tr>
<tr>
<td title='com.scp.app.login.tests.Atest.m9()'><b>m9</b><br>Test class: com.scp.app.login.tests.Atest</td>
<td></td>
<td>0</td>
<td>com.scp.app.login.tests.Atest@6767c1fc</td></tr>
<tr>
<td title='com.scp.app.login.tests.Atest.m9()'><b>m9</b><br>Test class: com.scp.app.login.tests.Atest</td>
<td></td>
<td>0</td>
<td>com.scp.app.login.tests.Atest@6767c1fc</td></tr>
<tr>
<td title='com.scp.app.login.tests.Atest.m9()'><b>m9</b><br>Test class: com.scp.app.login.tests.Atest</td>
<td></td>
<td>0</td>
<td>com.scp.app.login.tests.Atest@6767c1fc</td></tr>
<tr>
<td title='com.scp.app.login.tests.Atest.m9()'><b>m9</b><br>Test class: com.scp.app.login.tests.Atest</td>
<td></td>
<td>0</td>
<td>com.scp.app.login.tests.Atest@6767c1fc</td></tr>
<tr>
<td title='com.scp.app.login.tests.Atest.m9()'><b>m9</b><br>Test class: com.scp.app.login.tests.Atest</td>
<td></td>
<td>0</td>
<td>com.scp.app.login.tests.Atest@6767c1fc</td></tr>
<tr>
<td title='com.scp.app.login.tests.Atest.m9()'><b>m9</b><br>Test class: com.scp.app.login.tests.Atest</td>
<td></td>
<td>0</td>
<td>com.scp.app.login.tests.Atest@6767c1fc</td></tr>
<tr>
<td title='com.scp.app.login.tests.Atest.m9()'><b>m9</b><br>Test class: com.scp.app.login.tests.Atest</td>
<td></td>
<td>0</td>
<td>com.scp.app.login.tests.Atest@6767c1fc</td></tr>
<tr>
<td title='com.scp.app.login.tests.Atest.m9()'><b>m9</b><br>Test class: com.scp.app.login.tests.Atest</td>
<td></td>
<td>0</td>
<td>com.scp.app.login.tests.Atest@6767c1fc</td></tr>
<tr>
<td title='com.scp.app.login.tests.Atest.m9()'><b>m9</b><br>Test class: com.scp.app.login.tests.Atest</td>
<td></td>
<td>0</td>
<td>com.scp.app.login.tests.Atest@6767c1fc</td></tr>
<tr>
<td title='com.scp.app.login.tests.Atest.m9()'><b>m9</b><br>Test class: com.scp.app.login.tests.Atest</td>
<td></td>
<td>0</td>
<td>com.scp.app.login.tests.Atest@6767c1fc</td></tr>
<tr>
<td title='com.scp.app.login.tests.Atest.m9()'><b>m9</b><br>Test class: com.scp.app.login.tests.Atest</td>
<td></td>
<td>0</td>
<td>com.scp.app.login.tests.Atest@6767c1fc</td></tr>
<tr>
<td title='com.scp.app.login.tests.Atest.m9()'><b>m9</b><br>Test class: com.scp.app.login.tests.Atest</td>
<td></td>
<td>0</td>
<td>com.scp.app.login.tests.Atest@6767c1fc</td></tr>
<tr>
<td title='com.scp.app.login.tests.Atest.m9()'><b>m9</b><br>Test class: com.scp.app.login.tests.Atest</td>
<td></td>
<td>0</td>
<td>com.scp.app.login.tests.Atest@6767c1fc</td></tr>
<tr>
<td title='com.scp.app.login.tests.Atest.m9()'><b>m9</b><br>Test class: com.scp.app.login.tests.Atest</td>
<td></td>
<td>0</td>
<td>com.scp.app.login.tests.Atest@6767c1fc</td></tr>
<tr>
<td title='com.scp.app.login.tests.Atest.m9()'><b>m9</b><br>Test class: com.scp.app.login.tests.Atest</td>
<td></td>
<td>0</td>
<td>com.scp.app.login.tests.Atest@6767c1fc</td></tr>
<tr>
<td title='com.scp.app.login.tests.Atest.m9()'><b>m9</b><br>Test class: com.scp.app.login.tests.Atest</td>
<td></td>
<td>0</td>
<td>com.scp.app.login.tests.Atest@6767c1fc</td></tr>
<tr>
<td title='com.scp.app.login.tests.Atest.m9()'><b>m9</b><br>Test class: com.scp.app.login.tests.Atest</td>
<td></td>
<td>0</td>
<td>com.scp.app.login.tests.Atest@6767c1fc</td></tr>
<tr>
<td title='com.scp.app.login.tests.Atest.m9()'><b>m9</b><br>Test class: com.scp.app.login.tests.Atest</td>
<td></td>
<td>0</td>
<td>com.scp.app.login.tests.Atest@6767c1fc</td></tr>
<tr>
<td title='com.scp.app.login.tests.Atest.m9()'><b>m9</b><br>Test class: com.scp.app.login.tests.Atest</td>
<td></td>
<td>0</td>
<td>com.scp.app.login.tests.Atest@6767c1fc</td></tr>
<tr>
<td title='com.scp.app.login.tests.Atest.m9()'><b>m9</b><br>Test class: com.scp.app.login.tests.Atest</td>
<td></td>
<td>0</td>
<td>com.scp.app.login.tests.Atest@6767c1fc</td></tr>
<tr>
<td title='com.scp.app.login.tests.Atest.m9()'><b>m9</b><br>Test class: com.scp.app.login.tests.Atest</td>
<td></td>
<td>0</td>
<td>com.scp.app.login.tests.Atest@6767c1fc</td></tr>
<tr>
<td title='com.scp.app.login.tests.Atest.m9()'><b>m9</b><br>Test class: com.scp.app.login.tests.Atest</td>
<td></td>
<td>0</td>
<td>com.scp.app.login.tests.Atest@6767c1fc</td></tr>
<tr>
<td title='com.scp.app.login.tests.Atest.m9()'><b>m9</b><br>Test class: com.scp.app.login.tests.Atest</td>
<td></td>
<td>0</td>
<td>com.scp.app.login.tests.Atest@6767c1fc</td></tr>
<tr>
<td title='com.scp.app.login.tests.Atest.m9()'><b>m9</b><br>Test class: com.scp.app.login.tests.Atest</td>
<td></td>
<td>0</td>
<td>com.scp.app.login.tests.Atest@6767c1fc</td></tr>
<tr>
<td title='com.scp.app.login.tests.Atest.m9()'><b>m9</b><br>Test class: com.scp.app.login.tests.Atest</td>
<td></td>
<td>0</td>
<td>com.scp.app.login.tests.Atest@6767c1fc</td></tr>
<tr>
<td title='com.scp.app.login.tests.Atest.m9()'><b>m9</b><br>Test class: com.scp.app.login.tests.Atest</td>
<td></td>
<td>0</td>
<td>com.scp.app.login.tests.Atest@6767c1fc</td></tr>
<tr>
<td title='com.scp.app.login.tests.Atest.m9()'><b>m9</b><br>Test class: com.scp.app.login.tests.Atest</td>
<td></td>
<td>0</td>
<td>com.scp.app.login.tests.Atest@6767c1fc</td></tr>
<tr>
<td title='com.scp.app.login.tests.Atest.m9()'><b>m9</b><br>Test class: com.scp.app.login.tests.Atest</td>
<td></td>
<td>0</td>
<td>com.scp.app.login.tests.Atest@6767c1fc</td></tr>
<tr>
<td title='com.scp.app.login.tests.Atest.m9()'><b>m9</b><br>Test class: com.scp.app.login.tests.Atest</td>
<td></td>
<td>0</td>
<td>com.scp.app.login.tests.Atest@6767c1fc</td></tr>
<tr>
<td title='com.scp.app.login.tests.Atest.m9()'><b>m9</b><br>Test class: com.scp.app.login.tests.Atest</td>
<td></td>
<td>0</td>
<td>com.scp.app.login.tests.Atest@6767c1fc</td></tr>
<tr>
<td title='com.scp.app.login.tests.Atest.m9()'><b>m9</b><br>Test class: com.scp.app.login.tests.Atest</td>
<td></td>
<td>0</td>
<td>com.scp.app.login.tests.Atest@6767c1fc</td></tr>
<tr>
<td title='com.scp.app.login.tests.Atest.m9()'><b>m9</b><br>Test class: com.scp.app.login.tests.Atest</td>
<td></td>
<td>0</td>
<td>com.scp.app.login.tests.Atest@6767c1fc</td></tr>
<tr>
<td title='com.scp.app.login.tests.Atest.m9()'><b>m9</b><br>Test class: com.scp.app.login.tests.Atest</td>
<td></td>
<td>0</td>
<td>com.scp.app.login.tests.Atest@6767c1fc</td></tr>
<tr>
<td title='com.scp.app.login.tests.Atest.m9()'><b>m9</b><br>Test class: com.scp.app.login.tests.Atest</td>
<td></td>
<td>0</td>
<td>com.scp.app.login.tests.Atest@6767c1fc</td></tr>
<tr>
<td title='com.scp.app.login.tests.Atest.m9()'><b>m9</b><br>Test class: com.scp.app.login.tests.Atest</td>
<td></td>
<td>0</td>
<td>com.scp.app.login.tests.Atest@6767c1fc</td></tr>
<tr>
<td title='com.scp.app.login.tests.Atest.m9()'><b>m9</b><br>Test class: com.scp.app.login.tests.Atest</td>
<td></td>
<td>0</td>
<td>com.scp.app.login.tests.Atest@6767c1fc</td></tr>
<tr>
<td title='com.scp.app.login.tests.Atest.m9()'><b>m9</b><br>Test class: com.scp.app.login.tests.Atest</td>
<td></td>
<td>0</td>
<td>com.scp.app.login.tests.Atest@6767c1fc</td></tr>
<tr>
<td title='com.scp.app.login.tests.Atest.m9()'><b>m9</b><br>Test class: com.scp.app.login.tests.Atest</td>
<td></td>
<td>0</td>
<td>com.scp.app.login.tests.Atest@6767c1fc</td></tr>
<tr>
<td title='com.scp.app.login.tests.Atest.m9()'><b>m9</b><br>Test class: com.scp.app.login.tests.Atest</td>
<td></td>
<td>0</td>
<td>com.scp.app.login.tests.Atest@6767c1fc</td></tr>
<tr>
<td title='com.scp.app.login.tests.Atest.m9()'><b>m9</b><br>Test class: com.scp.app.login.tests.Atest</td>
<td></td>
<td>0</td>
<td>com.scp.app.login.tests.Atest@6767c1fc</td></tr>
<tr>
<td title='com.scp.app.login.tests.Atest.m9()'><b>m9</b><br>Test class: com.scp.app.login.tests.Atest</td>
<td></td>
<td>0</td>
<td>com.scp.app.login.tests.Atest@6767c1fc</td></tr>
<tr>
<td title='com.scp.app.login.tests.Atest.m9()'><b>m9</b><br>Test class: com.scp.app.login.tests.Atest</td>
<td></td>
<td>0</td>
<td>com.scp.app.login.tests.Atest@6767c1fc</td></tr>
<tr>
<td title='com.scp.app.login.tests.Atest.m9()'><b>m9</b><br>Test class: com.scp.app.login.tests.Atest</td>
<td></td>
<td>0</td>
<td>com.scp.app.login.tests.Atest@6767c1fc</td></tr>
<tr>
<td title='com.scp.app.login.tests.Atest.m9()'><b>m9</b><br>Test class: com.scp.app.login.tests.Atest</td>
<td></td>
<td>0</td>
<td>com.scp.app.login.tests.Atest@6767c1fc</td></tr>
<tr>
<td title='com.scp.app.login.tests.Atest.m9()'><b>m9</b><br>Test class: com.scp.app.login.tests.Atest</td>
<td></td>
<td>0</td>
<td>com.scp.app.login.tests.Atest@6767c1fc</td></tr>
<tr>
<td title='com.scp.app.login.tests.Atest.m9()'><b>m9</b><br>Test class: com.scp.app.login.tests.Atest</td>
<td></td>
<td>0</td>
<td>com.scp.app.login.tests.Atest@6767c1fc</td></tr>
<tr>
<td title='com.scp.app.login.tests.Atest.m9()'><b>m9</b><br>Test class: com.scp.app.login.tests.Atest</td>
<td></td>
<td>0</td>
<td>com.scp.app.login.tests.Atest@6767c1fc</td></tr>
<tr>
<td title='com.scp.app.login.tests.Atest.m9()'><b>m9</b><br>Test class: com.scp.app.login.tests.Atest</td>
<td></td>
<td>0</td>
<td>com.scp.app.login.tests.Atest@6767c1fc</td></tr>
<tr>
<td title='com.scp.app.login.tests.Atest.m9()'><b>m9</b><br>Test class: com.scp.app.login.tests.Atest</td>
<td></td>
<td>0</td>
<td>com.scp.app.login.tests.Atest@6767c1fc</td></tr>
<tr>
<td title='com.scp.app.login.tests.Atest.m9()'><b>m9</b><br>Test class: com.scp.app.login.tests.Atest</td>
<td></td>
<td>0</td>
<td>com.scp.app.login.tests.Atest@6767c1fc</td></tr>
<tr>
<td title='com.scp.app.login.tests.Atest.m9()'><b>m9</b><br>Test class: com.scp.app.login.tests.Atest</td>
<td></td>
<td>0</td>
<td>com.scp.app.login.tests.Atest@6767c1fc</td></tr>
<tr>
<td title='com.scp.app.login.tests.Atest.m9()'><b>m9</b><br>Test class: com.scp.app.login.tests.Atest</td>
<td></td>
<td>0</td>
<td>com.scp.app.login.tests.Atest@6767c1fc</td></tr>
</table><p>
<table width='100%' border='1' class='invocation-skipped'>
<tr><td colspan='4' align='center'><b>SKIPPED TESTS</b></td></tr>
<tr><td><b>Test method</b></td>
<td width="30%"><b>Exception</b></td>
<td width="10%"><b>Time (seconds)</b></td>
<td><b>Instance</b></td>
</tr>
<tr>
<td title='com.scp.app.login.tests.Atest.m5()'><b>m5</b><br>Test class: com.scp.app.login.tests.Atest</td>
<td><div><pre>java.lang.Throwable: Method Atest.m5()[pri:0, instance:com.scp.app.login.tests.Atest@6767c1fc] depends on not successfully finished methods
	at org.testng.internal.Invoker.invokeTestMethods(Invoker.java:1037)
	at org.testng.internal.TestMethodWorker.invokeTestMethods(TestMethodWorker.java:129)
	at org.testng.internal.TestMethodWorker.run(TestMethodWorker.java:112)
	at org.testng.TestRunner.privateRun(TestRunner.java:782)
	at org.testng.TestRunner.run(TestRunner.java:632)
	at org.testng.SuiteRunner.runTest(SuiteRunner.java:366)
	at org.testng.SuiteRunner.runSequentially(SuiteRunner.java:361)
	at org.testng.SuiteRunner.privateRun(SuiteRunner.java:319)
	at org.testng.SuiteRunner.run(SuiteRunner.java:268)
	at org.testng.SuiteRunnerWorker.runSuite(SuiteRunnerWorker.java:52)
	at org.testng.SuiteRunnerWorker.run(SuiteRunnerWorker.java:86)
	at org.testng.TestNG.runSuitesSequentially(TestNG.java:1244)
	at org.testng.TestNG.runSuitesLocally(TestNG.java:1169)
	at org.testng.TestNG.run(TestNG.java:1064)
	at org.testng.remote.AbstractRemoteTestNG.run(AbstractRemoteTestNG.java:114)
	at org.testng.remote.RemoteTestNG.initAndRun(RemoteTestNG.java:251)
	at org.testng.remote.RemoteTestNG.main(RemoteTestNG.java:77)
</pre></div><a href='#' onClick='toggleBox("stack-trace1897115967", this, "Click to show all stack frames", "Click to hide stack frames")'>Click to show all stack frames</a>
<div class='stack-trace' id='stack-trace1897115967'><pre>java.lang.Throwable: Method Atest.m5()[pri:0, instance:com.scp.app.login.tests.Atest@6767c1fc] depends on not successfully finished methods
	at org.testng.internal.Invoker.invokeTestMethods(Invoker.java:1037)
	at org.testng.internal.TestMethodWorker.invokeTestMethods(TestMethodWorker.java:129)
	at org.testng.internal.TestMethodWorker.run(TestMethodWorker.java:112)
	at org.testng.TestRunner.privateRun(TestRunner.java:782)
	at org.testng.TestRunner.run(TestRunner.java:632)
	at org.testng.SuiteRunner.runTest(SuiteRunner.java:366)
	at org.testng.SuiteRunner.runSequentially(SuiteRunner.java:361)
	at org.testng.SuiteRunner.privateRun(SuiteRunner.java:319)
	at org.testng.SuiteRunner.run(SuiteRunner.java:268)
	at org.testng.SuiteRunnerWorker.runSuite(SuiteRunnerWorker.java:52)
	at org.testng.SuiteRunnerWorker.run(SuiteRunnerWorker.java:86)
	at org.testng.TestNG.runSuitesSequentially(TestNG.java:1244)
	at org.testng.TestNG.runSuitesLocally(TestNG.java:1169)
	at org.testng.TestNG.run(TestNG.java:1064)
	at org.testng.remote.AbstractRemoteTestNG.run(AbstractRemoteTestNG.java:114)
	at org.testng.remote.RemoteTestNG.initAndRun(RemoteTestNG.java:251)
	at org.testng.remote.RemoteTestNG.main(RemoteTestNG.java:77)
</pre></div></td>
<td>0</td>
<td>null</td></tr>
</table><p>
</body>
</html>