<?xml version="1.0" encoding="UTF-8"?>
<!-- Generated by org.testng.reporters.JUnitXMLReporter -->
<testsuite hostname="DESKTOP-42HDP9K" name="Test" tests="8" failures="3" timestamp="22 Jan 2019 05:52:14 GMT" time="0.231" errors="0">
  <testcase name="softAsserrt" time="0.031" classname="scp.selenium.sample2.assertion">
    <failure type="java.lang.AssertionError" message="expected:&amp;lt;prashant&amp;gt; but was:&amp;lt;prash&amp;gt;">
      <![CDATA[java.lang.AssertionError: expected:<prashant> but was:<prash>
	at scp.selenium.sample2.assertion.softAsserrt(assertion.java:19)
... Removed 26 stack frames]]>
    </failure>
  </testcase> <!-- softAsserrt -->
  <testcase name="assertEqual" time="0.007" classname="scp.selenium.sample2.assertion">
    <failure type="java.lang.AssertionError" message="expected:&amp;lt;prashant&amp;gt; but was:&amp;lt;prasha&amp;gt;">
      <![CDATA[java.lang.AssertionError: expected:<prashant> but was:<prasha>
	at scp.selenium.sample2.assertion.assertEqual(assertion.java:25)
... Removed 26 stack frames]]>
    </failure>
  </testcase> <!-- assertEqual -->
  <testcase name="assertNotEqual" time="0.013" classname="scp.selenium.sample2.assertion"/>
  <testcase name="assertTrue" time="0.005" classname="scp.selenium.sample2.assertion">
    <failure type="java.lang.AssertionError">
      <![CDATA[java.lang.AssertionError: 
	at scp.selenium.sample2.assertion.assertTrue(assertion.java:35)
... Removed 27 stack frames]]>
    </failure>
  </testcase> <!-- assertTrue -->
  <testcase name="verify" time="0.013" classname="scp.selenium.sample2.assertion"/>
  <testcase name="assertNull" time="0.005" classname="scp.selenium.sample2.assertion"/>
  <testcase name="assertNotNull" time="0.004" classname="scp.selenium.sample2.assertion"/>
  <testcase name="softAssert" time="0.006" classname="scp.selenium.sample2.assertion"/>
</testsuite> <!-- Test -->
