<?xml version="1.0" encoding="UTF-8"?>
<!-- Generated by org.testng.reporters.JUnitXMLReporter -->
<testsuite hostname="DESKTOP-42HDP9K" name="Default test" tests="8" failures="2" timestamp="20 Jan 2019 06:59:38 GMT" time="0.291" errors="0">
  <testcase name="softAsserrt" time="0.038" classname="scp.selenium.sample2.assertion"/>
  <testcase name="assertEqual" time="0.007" classname="scp.selenium.sample2.assertion">
    <failure type="java.lang.AssertionError" message="expected [prasha] but found [prashant]">
      <![CDATA[java.lang.AssertionError: expected [prasha] but found [prashant]
	at scp.selenium.sample2.assertion.assertEqual(assertion.java:23)
... Removed 30 stack frames]]>
    </failure>
  </testcase> <!-- assertEqual -->
  <testcase name="assertNotEqual" time="0.006" classname="scp.selenium.sample2.assertion"/>
  <testcase name="assertTrue" time="0.005" classname="scp.selenium.sample2.assertion">
    <failure type="java.lang.AssertionError" message="expected [true] but found [false]">
      <![CDATA[java.lang.AssertionError: expected [true] but found [false]
	at scp.selenium.sample2.assertion.assertTrue(assertion.java:33)
... Removed 28 stack frames]]>
    </failure>
  </testcase> <!-- assertTrue -->
  <testcase name="verify" time="0.097" classname="scp.selenium.sample2.assertion"/>
  <testcase name="assertNull" time="0.009" classname="scp.selenium.sample2.assertion"/>
  <testcase name="assertNotNull" time="0.004" classname="scp.selenium.sample2.assertion"/>
  <testcase name="softAssert" time="0.005" classname="scp.selenium.sample2.assertion"/>
</testsuite> <!-- Default test -->
