<?xml version="1.0" encoding="UTF-8"?>
<!-- Generated by org.testng.reporters.JUnitXMLReporter -->
<testsuite hostname="DESKTOP-42HDP9K" name="Default test(failed)" tests="2" failures="2" timestamp="20 Jan 2019 06:59:38 GMT" time="0.049" errors="0">
  <testcase name="assertEqual" time="0.005" classname="scp.selenium.sample2.assertion">
    <failure type="java.lang.AssertionError" message="expected [prasha] but found [prashant]">
      <![CDATA[java.lang.AssertionError: expected [prasha] but found [prashant]
	at scp.selenium.sample2.assertion.assertEqual(assertion.java:23)
... Removed 30 stack frames]]>
    </failure>
  </testcase> <!-- assertEqual -->
  <testcase name="assertTrue" time="0.007" classname="scp.selenium.sample2.assertion">
    <failure type="java.lang.AssertionError" message="expected [true] but found [false]">
      <![CDATA[java.lang.AssertionError: expected [true] but found [false]
	at scp.selenium.sample2.assertion.assertTrue(assertion.java:33)
... Removed 28 stack frames]]>
    </failure>
  </testcase> <!-- assertTrue -->
</testsuite> <!-- Default test(failed) -->
