<?xml version="1.0" encoding="UTF-8"?>
<!-- Generated by org.testng.reporters.JUnitXMLReporter -->
<testsuite hostname="idea-PC" name="Default test(failed)" tests="2" failures="1" timestamp="11 Sep 2018 17:10:09 GMT" time="0.016" errors="0">
  <testcase name="assertTrue" time="0.016" classname="scp.selenium.package1.Assertion"/>
  <testcase name="softAssert" time="0.0" classname="scp.selenium.package1.Assertion">
    <failure type="java.lang.AssertionError" message="The following asserts failed:
	expected [thorat] but found [prashant]">
      <![CDATA[java.lang.AssertionError: The following asserts failed:
	expected [thorat] but found [prashant]
	at scp.selenium.package1.Assertion.softAssert(Assertion.java:39)
... Removed 25 stack frames]]>
    </failure>
  </testcase> <!-- softAssert -->
</testsuite> <!-- Default test(failed) -->
